<?xml version="1.0" encoding="utf-8"?>
<CoverageSession xmlns:xsd="http://www.w3.org/2001/XMLSchema" xmlns:xsi="http://www.w3.org/2001/XMLSchema-instance" Version="4.6.0.0">
  <Summary numSequencePoints="297" visitedSequencePoints="0" numBranchPoints="76" visitedBranchPoints="0" sequenceCoverage="0" branchCoverage="0" maxCyclomaticComplexity="1" minCyclomaticComplexity="1" maxCrapScore="2" minCrapScore="2" visitedClasses="0" numClasses="12" visitedMethods="0" numMethods="76" />
  <Modules>
    <Module hash="5F-97-41-CF-A3-12-12-BD-DF-BE-F3-99-FD-84-4B-54-0C-3B-42-24">
      <Summary numSequencePoints="297" visitedSequencePoints="0" numBranchPoints="76" visitedBranchPoints="0" sequenceCoverage="0" branchCoverage="0" maxCyclomaticComplexity="1" minCyclomaticComplexity="1" maxCrapScore="2" minCrapScore="2" visitedClasses="0" numClasses="12" visitedMethods="0" numMethods="76" />
      <ModulePath>D:\учёба\Cours\WorkBase\WorkBase.Tests\bin\Debug\WorkBase.Tests.dll</ModulePath>
      <ModuleTime>2018-05-27T10:34:44.4570284Z</ModuleTime>
      <ModuleName>WorkBase.Tests</ModuleName>
      <Files>
        <File uid="1" fullPath="D:\учёба\Cours\WorkBase\WorkBase.Tests\LogicTest\TestCareerService.cs" />
        <File uid="4" fullPath="D:\учёба\Cours\WorkBase\WorkBase.Tests\LogicTest\TestExpirienceService.cs" />
        <File uid="6" fullPath="D:\учёба\Cours\WorkBase\WorkBase.Tests\LogicTest\TestOfferService.cs" />
        <File uid="8" fullPath="D:\учёба\Cours\WorkBase\WorkBase.Tests\LogicTest\TestResumeService.cs" />
        <File uid="10" fullPath="D:\учёба\Cours\WorkBase\WorkBase.Tests\LogicTest\TestRubricService.cs" />
        <File uid="12" fullPath="D:\учёба\Cours\WorkBase\WorkBase.Tests\LogicTest\TestUserService.cs" />
      </Files>
      <Classes>
        <Class>
          <Summary numSequencePoints="64" visitedSequencePoints="0" numBranchPoints="16" visitedBranchPoints="0" sequenceCoverage="0" branchCoverage="0" maxCyclomaticComplexity="1" minCyclomaticComplexity="1" maxCrapScore="2" minCrapScore="2" visitedClasses="0" numClasses="1" visitedMethods="0" numMethods="16" />
          <FullName>WorkBase.Tests.LogicTest.TestCareerService</FullName>
          <Methods>
            <Method visited="false" cyclomaticComplexity="1" nPathComplexity="0" sequenceCoverage="0" branchCoverage="0" crapScore="2" isConstructor="true" isStatic="true" isGetter="false" isSetter="false">
              <Summary numSequencePoints="3" visitedSequencePoints="0" numBranchPoints="1" visitedBranchPoints="0" sequenceCoverage="0" branchCoverage="0" maxCyclomaticComplexity="1" minCyclomaticComplexity="1" maxCrapScore="2" minCrapScore="2" visitedClasses="0" numClasses="0" visitedMethods="0" numMethods="1" />
              <MetadataToken>100663297</MetadataToken>
              <Name>System.Void WorkBase.Tests.LogicTest.TestCareerService::.cctor()</Name>
              <FileRef uid="1" />
              <SequencePoints>
                <SequencePoint vc="0" uspid="1" ordinal="0" offset="0" sl="22" sc="9" el="22" ec="10" bec="0" bev="0" fileid="1" />
                <SequencePoint vc="0" uspid="2" ordinal="1" offset="1" sl="23" sc="13" el="25" ec="14" bec="0" bev="0" fileid="1" />
                <SequencePoint vc="0" uspid="3" ordinal="2" offset="23" sl="26" sc="9" el="26" ec="10" bec="0" bev="0" fileid="1" />
              </SequencePoints>
              <BranchPoints />
              <MethodPoint xsi:type="SequencePoint" vc="0" uspid="1" ordinal="0" offset="0" sl="22" sc="9" el="22" ec="10" bec="0" bev="0" fileid="1" />
            </Method>
            <Method visited="false" cyclomaticComplexity="1" nPathComplexity="0" sequenceCoverage="0" branchCoverage="0" crapScore="2" isConstructor="false" isStatic="false" isGetter="false" isSetter="false">
              <Summary numSequencePoints="7" visitedSequencePoints="0" numBranchPoints="1" visitedBranchPoints="0" sequenceCoverage="0" branchCoverage="0" maxCyclomaticComplexity="1" minCyclomaticComplexity="1" maxCrapScore="2" minCrapScore="2" visitedClasses="0" numClasses="0" visitedMethods="0" numMethods="1" />
              <MetadataToken>100663298</MetadataToken>
              <Name>System.Void WorkBase.Tests.LogicTest.TestCareerService::Load()</Name>
              <FileRef uid="1" />
              <SequencePoints>
                <SequencePoint vc="0" uspid="4" ordinal="0" offset="0" sl="30" sc="9" el="30" ec="10" bec="0" bev="0" fileid="1" />
                <SequencePoint vc="0" uspid="5" ordinal="1" offset="1" sl="31" sc="13" el="31" ec="43" bec="0" bev="0" fileid="1" />
                <SequencePoint vc="0" uspid="6" ordinal="2" offset="12" sl="32" sc="13" el="32" ec="64" bec="0" bev="0" fileid="1" />
                <SequencePoint vc="0" uspid="7" ordinal="3" offset="23" sl="34" sc="13" el="34" ec="72" bec="0" bev="0" fileid="1" />
                <SequencePoint vc="0" uspid="8" ordinal="4" offset="108" sl="35" sc="13" el="35" ec="103" bec="0" bev="0" fileid="1" />
                <SequencePoint vc="0" uspid="9" ordinal="5" offset="259" sl="37" sc="13" el="37" ec="56" bec="0" bev="0" fileid="1" />
                <SequencePoint vc="0" uspid="10" ordinal="6" offset="281" sl="38" sc="9" el="38" ec="10" bec="0" bev="0" fileid="1" />
              </SequencePoints>
              <BranchPoints />
              <MethodPoint xsi:type="SequencePoint" vc="0" uspid="4" ordinal="0" offset="0" sl="30" sc="9" el="30" ec="10" bec="0" bev="0" fileid="1" />
            </Method>
            <Method visited="false" cyclomaticComplexity="1" nPathComplexity="0" sequenceCoverage="0" branchCoverage="0" crapScore="2" isConstructor="false" isStatic="false" isGetter="false" isSetter="false">
              <Summary numSequencePoints="5" visitedSequencePoints="0" numBranchPoints="1" visitedBranchPoints="0" sequenceCoverage="0" branchCoverage="0" maxCyclomaticComplexity="1" minCyclomaticComplexity="1" maxCrapScore="2" minCrapScore="2" visitedClasses="0" numClasses="0" visitedMethods="0" numMethods="1" />
              <MetadataToken>100663299</MetadataToken>
              <Name>System.Void WorkBase.Tests.LogicTest.TestCareerService::CreateCareer_TryToCreateCareer_ShouldRepositoryCreateOnce()</Name>
              <FileRef uid="1" />
              <SequencePoints>
                <SequencePoint vc="0" uspid="11" ordinal="0" offset="0" sl="41" sc="9" el="41" ec="10" bec="0" bev="0" fileid="1" />
                <SequencePoint vc="0" uspid="12" ordinal="1" offset="1" sl="42" sc="13" el="42" ec="65" bec="0" bev="0" fileid="1" />
                <SequencePoint vc="0" uspid="13" ordinal="2" offset="19" sl="45" sc="11" el="45" ec="43" bec="0" bev="0" fileid="1" />
                <SequencePoint vc="0" uspid="14" ordinal="3" offset="32" sl="48" sc="13" el="48" ec="72" bec="0" bev="0" fileid="1" />
                <SequencePoint vc="0" uspid="15" ordinal="4" offset="141" sl="49" sc="9" el="49" ec="10" bec="0" bev="0" fileid="1" />
              </SequencePoints>
              <BranchPoints />
              <MethodPoint xsi:type="SequencePoint" vc="0" uspid="11" ordinal="0" offset="0" sl="41" sc="9" el="41" ec="10" bec="0" bev="0" fileid="1" />
            </Method>
            <Method visited="false" cyclomaticComplexity="1" nPathComplexity="0" sequenceCoverage="0" branchCoverage="0" crapScore="2" isConstructor="false" isStatic="false" isGetter="false" isSetter="false">
              <Summary numSequencePoints="3" visitedSequencePoints="0" numBranchPoints="1" visitedBranchPoints="0" sequenceCoverage="0" branchCoverage="0" maxCyclomaticComplexity="1" minCyclomaticComplexity="1" maxCrapScore="2" minCrapScore="2" visitedClasses="0" numClasses="0" visitedMethods="0" numMethods="1" />
              <MetadataToken>100663300</MetadataToken>
              <Name>System.Void WorkBase.Tests.LogicTest.TestCareerService::CreateCareer_TryToCreateNullValue_ShouldThrowException()</Name>
              <FileRef uid="1" />
              <SequencePoints>
                <SequencePoint vc="0" uspid="16" ordinal="0" offset="0" sl="52" sc="9" el="52" ec="10" bec="0" bev="0" fileid="1" />
                <SequencePoint vc="0" uspid="17" ordinal="1" offset="1" sl="54" sc="13" el="54" ec="103" bec="0" bev="0" fileid="1" />
                <SequencePoint vc="0" uspid="18" ordinal="2" offset="19" sl="55" sc="9" el="55" ec="10" bec="0" bev="0" fileid="1" />
              </SequencePoints>
              <BranchPoints />
              <MethodPoint xsi:type="SequencePoint" vc="0" uspid="16" ordinal="0" offset="0" sl="52" sc="9" el="52" ec="10" bec="0" bev="0" fileid="1" />
            </Method>
            <Method visited="false" cyclomaticComplexity="1" nPathComplexity="0" sequenceCoverage="0" branchCoverage="0" crapScore="2" isConstructor="false" isStatic="false" isGetter="false" isSetter="false">
              <Summary numSequencePoints="4" visitedSequencePoints="0" numBranchPoints="1" visitedBranchPoints="0" sequenceCoverage="0" branchCoverage="0" maxCyclomaticComplexity="1" minCyclomaticComplexity="1" maxCrapScore="2" minCrapScore="2" visitedClasses="0" numClasses="0" visitedMethods="0" numMethods="1" />
              <MetadataToken>100663301</MetadataToken>
              <Name>System.Void WorkBase.Tests.LogicTest.TestCareerService::GetCareerById_GetNullValue_ShouldThrowException()</Name>
              <FileRef uid="1" />
              <SequencePoints>
                <SequencePoint vc="0" uspid="19" ordinal="0" offset="0" sl="58" sc="9" el="58" ec="10" bec="0" bev="0" fileid="1" />
                <SequencePoint vc="0" uspid="20" ordinal="1" offset="1" sl="60" sc="13" el="60" ec="87" bec="0" bev="0" fileid="1" />
                <SequencePoint vc="0" uspid="21" ordinal="2" offset="116" sl="63" sc="13" el="63" ec="89" bec="0" bev="0" fileid="1" />
                <SequencePoint vc="0" uspid="22" ordinal="3" offset="138" sl="64" sc="9" el="64" ec="10" bec="0" bev="0" fileid="1" />
              </SequencePoints>
              <BranchPoints />
              <MethodPoint xsi:type="SequencePoint" vc="0" uspid="19" ordinal="0" offset="0" sl="58" sc="9" el="58" ec="10" bec="0" bev="0" fileid="1" />
            </Method>
            <Method visited="false" cyclomaticComplexity="1" nPathComplexity="0" sequenceCoverage="0" branchCoverage="0" crapScore="2" isConstructor="false" isStatic="false" isGetter="false" isSetter="false">
              <Summary numSequencePoints="5" visitedSequencePoints="0" numBranchPoints="1" visitedBranchPoints="0" sequenceCoverage="0" branchCoverage="0" maxCyclomaticComplexity="1" minCyclomaticComplexity="1" maxCrapScore="2" minCrapScore="2" visitedClasses="0" numClasses="0" visitedMethods="0" numMethods="1" />
              <MetadataToken>100663302</MetadataToken>
              <Name>System.Void WorkBase.Tests.LogicTest.TestCareerService::GetCareerById_GetValue_ShouldReturnSomeValue()</Name>
              <FileRef uid="1" />
              <SequencePoints>
                <SequencePoint vc="0" uspid="23" ordinal="0" offset="0" sl="67" sc="9" el="67" ec="10" bec="0" bev="0" fileid="1" />
                <SequencePoint vc="0" uspid="24" ordinal="1" offset="1" sl="68" sc="13" el="68" ec="60" bec="0" bev="0" fileid="1" />
                <SequencePoint vc="0" uspid="25" ordinal="2" offset="19" sl="70" sc="13" el="70" ec="76" bec="0" bev="0" fileid="1" />
                <SequencePoint vc="0" uspid="26" ordinal="3" offset="154" sl="73" sc="13" el="73" ec="89" bec="0" bev="0" fileid="1" />
                <SequencePoint vc="0" uspid="27" ordinal="4" offset="176" sl="74" sc="9" el="74" ec="10" bec="0" bev="0" fileid="1" />
              </SequencePoints>
              <BranchPoints />
              <MethodPoint xsi:type="SequencePoint" vc="0" uspid="23" ordinal="0" offset="0" sl="67" sc="9" el="67" ec="10" bec="0" bev="0" fileid="1" />
            </Method>
            <Method visited="false" cyclomaticComplexity="1" nPathComplexity="0" sequenceCoverage="0" branchCoverage="0" crapScore="2" isConstructor="false" isStatic="false" isGetter="false" isSetter="false">
              <Summary numSequencePoints="6" visitedSequencePoints="0" numBranchPoints="1" visitedBranchPoints="0" sequenceCoverage="0" branchCoverage="0" maxCyclomaticComplexity="1" minCyclomaticComplexity="1" maxCrapScore="2" minCrapScore="2" visitedClasses="0" numClasses="0" visitedMethods="0" numMethods="1" />
              <MetadataToken>100663303</MetadataToken>
              <Name>System.Void WorkBase.Tests.LogicTest.TestCareerService::EditCareer_ShoudRepository_EditOnce()</Name>
              <FileRef uid="1" />
              <SequencePoints>
                <SequencePoint vc="0" uspid="28" ordinal="0" offset="0" sl="77" sc="9" el="77" ec="10" bec="0" bev="0" fileid="1" />
                <SequencePoint vc="0" uspid="29" ordinal="1" offset="1" sl="78" sc="13" el="78" ec="134" bec="0" bev="0" fileid="1" />
                <SequencePoint vc="0" uspid="30" ordinal="2" offset="43" sl="79" sc="13" el="79" ec="179" bec="0" bev="0" fileid="1" />
                <SequencePoint vc="0" uspid="31" ordinal="3" offset="198" sl="82" sc="13" el="82" ec="43" bec="0" bev="0" fileid="1" />
                <SequencePoint vc="0" uspid="32" ordinal="4" offset="211" sl="85" sc="13" el="85" ec="84" bec="0" bev="0" fileid="1" />
                <SequencePoint vc="0" uspid="33" ordinal="5" offset="332" sl="86" sc="9" el="86" ec="10" bec="0" bev="0" fileid="1" />
              </SequencePoints>
              <BranchPoints />
              <MethodPoint xsi:type="SequencePoint" vc="0" uspid="28" ordinal="0" offset="0" sl="77" sc="9" el="77" ec="10" bec="0" bev="0" fileid="1" />
            </Method>
            <Method visited="false" cyclomaticComplexity="1" nPathComplexity="0" sequenceCoverage="0" branchCoverage="0" crapScore="2" isConstructor="false" isStatic="false" isGetter="false" isSetter="false">
              <Summary numSequencePoints="3" visitedSequencePoints="0" numBranchPoints="1" visitedBranchPoints="0" sequenceCoverage="0" branchCoverage="0" maxCyclomaticComplexity="1" minCyclomaticComplexity="1" maxCrapScore="2" minCrapScore="2" visitedClasses="0" numClasses="0" visitedMethods="0" numMethods="1" />
              <MetadataToken>100663304</MetadataToken>
              <Name>System.Void WorkBase.Tests.LogicTest.TestCareerService::EditCareer_PutInEditNullElement_ShouldThrowException()</Name>
              <FileRef uid="1" />
              <SequencePoints>
                <SequencePoint vc="0" uspid="34" ordinal="0" offset="0" sl="89" sc="9" el="89" ec="10" bec="0" bev="0" fileid="1" />
                <SequencePoint vc="0" uspid="35" ordinal="1" offset="1" sl="91" sc="13" el="91" ec="101" bec="0" bev="0" fileid="1" />
                <SequencePoint vc="0" uspid="36" ordinal="2" offset="19" sl="92" sc="9" el="92" ec="10" bec="0" bev="0" fileid="1" />
              </SequencePoints>
              <BranchPoints />
              <MethodPoint xsi:type="SequencePoint" vc="0" uspid="34" ordinal="0" offset="0" sl="89" sc="9" el="89" ec="10" bec="0" bev="0" fileid="1" />
            </Method>
            <Method visited="false" cyclomaticComplexity="1" nPathComplexity="0" sequenceCoverage="0" branchCoverage="0" crapScore="2" isConstructor="false" isStatic="false" isGetter="false" isSetter="false">
              <Summary numSequencePoints="5" visitedSequencePoints="0" numBranchPoints="1" visitedBranchPoints="0" sequenceCoverage="0" branchCoverage="0" maxCyclomaticComplexity="1" minCyclomaticComplexity="1" maxCrapScore="2" minCrapScore="2" visitedClasses="0" numClasses="0" visitedMethods="0" numMethods="1" />
              <MetadataToken>100663305</MetadataToken>
              <Name>System.Void WorkBase.Tests.LogicTest.TestCareerService::EditCareer_NullElement_ShouldThrowException()</Name>
              <FileRef uid="1" />
              <SequencePoints>
                <SequencePoint vc="0" uspid="37" ordinal="0" offset="13" sl="96" sc="9" el="96" ec="10" bec="0" bev="0" fileid="1" />
                <SequencePoint vc="0" uspid="38" ordinal="1" offset="14" sl="98" sc="13" el="98" ec="134" bec="0" bev="0" fileid="1" />
                <SequencePoint vc="0" uspid="39" ordinal="2" offset="61" sl="99" sc="13" el="99" ec="87" bec="0" bev="0" fileid="1" />
                <SequencePoint vc="0" uspid="40" ordinal="3" offset="176" sl="102" sc="13" el="102" ec="87" bec="0" bev="0" fileid="1" />
                <SequencePoint vc="0" uspid="41" ordinal="4" offset="194" sl="103" sc="9" el="103" ec="10" bec="0" bev="0" fileid="1" />
              </SequencePoints>
              <BranchPoints />
              <MethodPoint vc="0" uspid="42" ordinal="0" offset="0" />
            </Method>
            <Method visited="false" cyclomaticComplexity="1" nPathComplexity="0" sequenceCoverage="0" branchCoverage="0" crapScore="2" isConstructor="false" isStatic="false" isGetter="false" isSetter="false">
              <Summary numSequencePoints="5" visitedSequencePoints="0" numBranchPoints="1" visitedBranchPoints="0" sequenceCoverage="0" branchCoverage="0" maxCyclomaticComplexity="1" minCyclomaticComplexity="1" maxCrapScore="2" minCrapScore="2" visitedClasses="0" numClasses="0" visitedMethods="0" numMethods="1" />
              <MetadataToken>100663306</MetadataToken>
              <Name>System.Void WorkBase.Tests.LogicTest.TestCareerService::RemoveCareerById_RemoveRepositoryById_ShouldCallsOnce()</Name>
              <FileRef uid="1" />
              <SequencePoints>
                <SequencePoint vc="0" uspid="43" ordinal="0" offset="0" sl="107" sc="9" el="107" ec="10" bec="0" bev="0" fileid="1" />
                <SequencePoint vc="0" uspid="44" ordinal="1" offset="1" sl="108" sc="13" el="108" ec="179" bec="0" bev="0" fileid="1" />
                <SequencePoint vc="0" uspid="45" ordinal="2" offset="156" sl="111" sc="13" el="111" ec="54" bec="0" bev="0" fileid="1" />
                <SequencePoint vc="0" uspid="46" ordinal="3" offset="173" sl="114" sc="13" el="114" ec="69" bec="0" bev="0" fileid="1" />
                <SequencePoint vc="0" uspid="47" ordinal="4" offset="282" sl="115" sc="9" el="115" ec="10" bec="0" bev="0" fileid="1" />
              </SequencePoints>
              <BranchPoints />
              <MethodPoint xsi:type="SequencePoint" vc="0" uspid="43" ordinal="0" offset="0" sl="107" sc="9" el="107" ec="10" bec="0" bev="0" fileid="1" />
            </Method>
            <Method visited="false" cyclomaticComplexity="1" nPathComplexity="0" sequenceCoverage="0" branchCoverage="0" crapScore="2" isConstructor="false" isStatic="false" isGetter="false" isSetter="false">
              <Summary numSequencePoints="6" visitedSequencePoints="0" numBranchPoints="1" visitedBranchPoints="0" sequenceCoverage="0" branchCoverage="0" maxCyclomaticComplexity="1" minCyclomaticComplexity="1" maxCrapScore="2" minCrapScore="2" visitedClasses="0" numClasses="0" visitedMethods="0" numMethods="1" />
              <MetadataToken>100663307</MetadataToken>
              <Name>System.Void WorkBase.Tests.LogicTest.TestCareerService::RemoveCareer_RemoveRepository_ShouldCallsOnce()</Name>
              <FileRef uid="1" />
              <SequencePoints>
                <SequencePoint vc="0" uspid="48" ordinal="0" offset="0" sl="118" sc="9" el="118" ec="10" bec="0" bev="0" fileid="1" />
                <SequencePoint vc="0" uspid="49" ordinal="1" offset="1" sl="119" sc="13" el="119" ec="134" bec="0" bev="0" fileid="1" />
                <SequencePoint vc="0" uspid="50" ordinal="2" offset="43" sl="120" sc="13" el="120" ec="179" bec="0" bev="0" fileid="1" />
                <SequencePoint vc="0" uspid="51" ordinal="3" offset="198" sl="123" sc="13" el="123" ec="45" bec="0" bev="0" fileid="1" />
                <SequencePoint vc="0" uspid="52" ordinal="4" offset="211" sl="126" sc="13" el="126" ec="69" bec="0" bev="0" fileid="1" />
                <SequencePoint vc="0" uspid="53" ordinal="5" offset="320" sl="127" sc="9" el="127" ec="10" bec="0" bev="0" fileid="1" />
              </SequencePoints>
              <BranchPoints />
              <MethodPoint xsi:type="SequencePoint" vc="0" uspid="48" ordinal="0" offset="0" sl="118" sc="9" el="118" ec="10" bec="0" bev="0" fileid="1" />
            </Method>
            <Method visited="false" cyclomaticComplexity="1" nPathComplexity="0" sequenceCoverage="0" branchCoverage="0" crapScore="2" isConstructor="false" isStatic="false" isGetter="false" isSetter="false">
              <Summary numSequencePoints="4" visitedSequencePoints="0" numBranchPoints="1" visitedBranchPoints="0" sequenceCoverage="0" branchCoverage="0" maxCyclomaticComplexity="1" minCyclomaticComplexity="1" maxCrapScore="2" minCrapScore="2" visitedClasses="0" numClasses="0" visitedMethods="0" numMethods="1" />
              <MetadataToken>100663308</MetadataToken>
              <Name>System.Void WorkBase.Tests.LogicTest.TestCareerService::DeleteCareer_DeleteNullValue()</Name>
              <FileRef uid="1" />
              <SequencePoints>
                <SequencePoint vc="0" uspid="54" ordinal="0" offset="0" sl="130" sc="9" el="130" ec="10" bec="0" bev="0" fileid="1" />
                <SequencePoint vc="0" uspid="55" ordinal="1" offset="1" sl="132" sc="13" el="132" ec="87" bec="0" bev="0" fileid="1" />
                <SequencePoint vc="0" uspid="56" ordinal="2" offset="116" sl="135" sc="13" el="135" ec="98" bec="0" bev="0" fileid="1" />
                <SequencePoint vc="0" uspid="57" ordinal="3" offset="134" sl="136" sc="9" el="136" ec="10" bec="0" bev="0" fileid="1" />
              </SequencePoints>
              <BranchPoints />
              <MethodPoint xsi:type="SequencePoint" vc="0" uspid="54" ordinal="0" offset="0" sl="130" sc="9" el="130" ec="10" bec="0" bev="0" fileid="1" />
            </Method>
            <Method visited="false" cyclomaticComplexity="1" nPathComplexity="0" sequenceCoverage="0" branchCoverage="0" crapScore="2" isConstructor="false" isStatic="false" isGetter="false" isSetter="false">
              <Summary numSequencePoints="5" visitedSequencePoints="0" numBranchPoints="1" visitedBranchPoints="0" sequenceCoverage="0" branchCoverage="0" maxCyclomaticComplexity="1" minCyclomaticComplexity="1" maxCrapScore="2" minCrapScore="2" visitedClasses="0" numClasses="0" visitedMethods="0" numMethods="1" />
              <MetadataToken>100663309</MetadataToken>
              <Name>System.Void WorkBase.Tests.LogicTest.TestCareerService::GetAllCareers_GetSomeList_ShouldRepositoryCallOnce_ShouldReturnNotNullList()</Name>
              <FileRef uid="1" />
              <SequencePoints>
                <SequencePoint vc="0" uspid="58" ordinal="0" offset="0" sl="139" sc="9" el="139" ec="10" bec="0" bev="0" fileid="1" />
                <SequencePoint vc="0" uspid="59" ordinal="1" offset="1" sl="140" sc="13" el="140" ec="85" bec="0" bev="0" fileid="1" />
                <SequencePoint vc="0" uspid="60" ordinal="2" offset="90" sl="143" sc="13" el="143" ec="74" bec="0" bev="0" fileid="1" />
                <SequencePoint vc="0" uspid="61" ordinal="3" offset="107" sl="144" sc="13" el="144" ec="54" bec="0" bev="0" fileid="1" />
                <SequencePoint vc="0" uspid="62" ordinal="4" offset="186" sl="145" sc="9" el="145" ec="10" bec="0" bev="0" fileid="1" />
              </SequencePoints>
              <BranchPoints />
              <MethodPoint xsi:type="SequencePoint" vc="0" uspid="58" ordinal="0" offset="0" sl="139" sc="9" el="139" ec="10" bec="0" bev="0" fileid="1" />
            </Method>
            <Method visited="false" cyclomaticComplexity="1" nPathComplexity="0" sequenceCoverage="0" branchCoverage="0" crapScore="2" isConstructor="true" isStatic="false" isGetter="false" isSetter="false">
              <Summary numSequencePoints="0" visitedSequencePoints="0" numBranchPoints="0" visitedBranchPoints="0" sequenceCoverage="0" branchCoverage="0" maxCyclomaticComplexity="1" minCyclomaticComplexity="1" maxCrapScore="2" minCrapScore="2" visitedClasses="0" numClasses="0" visitedMethods="0" numMethods="0" />
              <MetadataToken>100663310</MetadataToken>
              <Name>System.Void WorkBase.Tests.LogicTest.TestCareerService::.ctor()</Name>
              <SequencePoints />
              <BranchPoints />
              <MethodPoint vc="0" uspid="63" ordinal="0" offset="0" />
            </Method>
            <Method visited="false" cyclomaticComplexity="1" nPathComplexity="0" sequenceCoverage="0" branchCoverage="0" crapScore="2" isConstructor="false" isStatic="false" isGetter="false" isSetter="false">
              <Summary numSequencePoints="1" visitedSequencePoints="0" numBranchPoints="1" visitedBranchPoints="0" sequenceCoverage="0" branchCoverage="0" maxCyclomaticComplexity="1" minCyclomaticComplexity="1" maxCrapScore="2" minCrapScore="2" visitedClasses="0" numClasses="0" visitedMethods="0" numMethods="1" />
              <MetadataToken>100663311</MetadataToken>
              <Name>System.Void WorkBase.Tests.LogicTest.TestCareerService::&lt;CreateCareer_TryToCreateNullValue_ShouldThrowException&gt;b__6_0()</Name>
              <FileRef uid="1" />
              <SequencePoints>
                <SequencePoint vc="0" uspid="64" ordinal="0" offset="0" sl="54" sc="72" el="54" ec="101" bec="0" bev="0" fileid="1" />
              </SequencePoints>
              <BranchPoints />
              <MethodPoint xsi:type="SequencePoint" vc="0" uspid="64" ordinal="0" offset="0" sl="54" sc="72" el="54" ec="101" bec="0" bev="0" fileid="1" />
            </Method>
            <Method visited="false" cyclomaticComplexity="1" nPathComplexity="0" sequenceCoverage="0" branchCoverage="0" crapScore="2" isConstructor="false" isStatic="false" isGetter="false" isSetter="false">
              <Summary numSequencePoints="1" visitedSequencePoints="0" numBranchPoints="1" visitedBranchPoints="0" sequenceCoverage="0" branchCoverage="0" maxCyclomaticComplexity="1" minCyclomaticComplexity="1" maxCrapScore="2" minCrapScore="2" visitedClasses="0" numClasses="0" visitedMethods="0" numMethods="1" />
              <MetadataToken>100663312</MetadataToken>
              <Name>System.Void WorkBase.Tests.LogicTest.TestCareerService::&lt;EditCareer_PutInEditNullElement_ShouldThrowException&gt;b__10_0()</Name>
              <FileRef uid="1" />
              <SequencePoints>
                <SequencePoint vc="0" uspid="65" ordinal="0" offset="0" sl="91" sc="72" el="91" ec="99" bec="0" bev="0" fileid="1" />
              </SequencePoints>
              <BranchPoints />
              <MethodPoint xsi:type="SequencePoint" vc="0" uspid="65" ordinal="0" offset="0" sl="91" sc="72" el="91" ec="99" bec="0" bev="0" fileid="1" />
            </Method>
            <Method visited="false" cyclomaticComplexity="1" nPathComplexity="0" sequenceCoverage="0" branchCoverage="0" crapScore="2" isConstructor="false" isStatic="false" isGetter="false" isSetter="false">
              <Summary numSequencePoints="1" visitedSequencePoints="0" numBranchPoints="1" visitedBranchPoints="0" sequenceCoverage="0" branchCoverage="0" maxCyclomaticComplexity="1" minCyclomaticComplexity="1" maxCrapScore="2" minCrapScore="2" visitedClasses="0" numClasses="0" visitedMethods="0" numMethods="1" />
              <MetadataToken>100663313</MetadataToken>
              <Name>System.Void WorkBase.Tests.LogicTest.TestCareerService::&lt;DeleteCareer_DeleteNullValue&gt;b__14_1()</Name>
              <FileRef uid="1" />
              <SequencePoints>
                <SequencePoint vc="0" uspid="66" ordinal="0" offset="0" sl="135" sc="56" el="135" ec="96" bec="0" bev="0" fileid="1" />
              </SequencePoints>
              <BranchPoints />
              <MethodPoint xsi:type="SequencePoint" vc="0" uspid="66" ordinal="0" offset="0" sl="135" sc="56" el="135" ec="96" bec="0" bev="0" fileid="1" />
            </Method>
          </Methods>
        </Class>
        <Class>
          <Summary numSequencePoints="1" visitedSequencePoints="0" numBranchPoints="1" visitedBranchPoints="0" sequenceCoverage="0" branchCoverage="0" maxCyclomaticComplexity="1" minCyclomaticComplexity="1" maxCrapScore="2" minCrapScore="2" visitedClasses="0" numClasses="1" visitedMethods="0" numMethods="1" />
          <FullName>WorkBase.Tests.LogicTest.TestCareerService/&lt;&gt;c</FullName>
          <Methods>
            <Method visited="false" cyclomaticComplexity="1" nPathComplexity="0" sequenceCoverage="0" branchCoverage="0" crapScore="2" isConstructor="true" isStatic="true" isGetter="false" isSetter="false">
              <Summary numSequencePoints="0" visitedSequencePoints="0" numBranchPoints="0" visitedBranchPoints="0" sequenceCoverage="0" branchCoverage="0" maxCyclomaticComplexity="1" minCyclomaticComplexity="1" maxCrapScore="2" minCrapScore="2" visitedClasses="0" numClasses="0" visitedMethods="0" numMethods="0" />
              <MetadataToken>100663373</MetadataToken>
              <Name>System.Void WorkBase.Tests.LogicTest.TestCareerService/&lt;&gt;c::.cctor()</Name>
              <SequencePoints />
              <BranchPoints />
              <MethodPoint vc="0" uspid="67" ordinal="0" offset="0" />
            </Method>
            <Method visited="false" cyclomaticComplexity="1" nPathComplexity="0" sequenceCoverage="0" branchCoverage="0" crapScore="2" isConstructor="true" isStatic="false" isGetter="false" isSetter="false">
              <Summary numSequencePoints="0" visitedSequencePoints="0" numBranchPoints="0" visitedBranchPoints="0" sequenceCoverage="0" branchCoverage="0" maxCyclomaticComplexity="1" minCyclomaticComplexity="1" maxCrapScore="2" minCrapScore="2" visitedClasses="0" numClasses="0" visitedMethods="0" numMethods="0" />
              <MetadataToken>100663374</MetadataToken>
              <Name>System.Void WorkBase.Tests.LogicTest.TestCareerService/&lt;&gt;c::.ctor()</Name>
              <SequencePoints />
              <BranchPoints />
              <MethodPoint vc="0" uspid="68" ordinal="0" offset="0" />
            </Method>
            <Method visited="false" cyclomaticComplexity="1" nPathComplexity="0" sequenceCoverage="0" branchCoverage="0" crapScore="2" isConstructor="false" isStatic="false" isGetter="false" isSetter="false">
              <Summary numSequencePoints="1" visitedSequencePoints="0" numBranchPoints="1" visitedBranchPoints="0" sequenceCoverage="0" branchCoverage="0" maxCyclomaticComplexity="1" minCyclomaticComplexity="1" maxCrapScore="2" minCrapScore="2" visitedClasses="0" numClasses="0" visitedMethods="0" numMethods="1" />
              <MetadataToken>100663375</MetadataToken>
              <Name>System.Void WorkBase.Tests.LogicTest.TestCareerService/&lt;&gt;c::&lt;.cctor&gt;b__3_0(AutoMapper.IMapperConfigurationExpression)</Name>
              <FileRef uid="1" />
              <SequencePoints>
                <SequencePoint vc="0" uspid="69" ordinal="0" offset="0" sl="24" sc="12" el="24" ec="69" bec="0" bev="0" fileid="1" />
              </SequencePoints>
              <BranchPoints />
              <MethodPoint xsi:type="SequencePoint" vc="0" uspid="69" ordinal="0" offset="0" sl="24" sc="12" el="24" ec="69" bec="0" bev="0" fileid="1" />
            </Method>
          </Methods>
        </Class>
        <Class>
          <Summary numSequencePoints="1" visitedSequencePoints="0" numBranchPoints="1" visitedBranchPoints="0" sequenceCoverage="0" branchCoverage="0" maxCyclomaticComplexity="1" minCyclomaticComplexity="1" maxCrapScore="2" minCrapScore="2" visitedClasses="0" numClasses="1" visitedMethods="0" numMethods="1" />
          <FullName>WorkBase.Tests.LogicTest.TestCareerService/&lt;&gt;c__DisplayClass11_0</FullName>
          <Methods>
            <Method visited="false" cyclomaticComplexity="1" nPathComplexity="0" sequenceCoverage="0" branchCoverage="0" crapScore="2" isConstructor="true" isStatic="false" isGetter="false" isSetter="false">
              <Summary numSequencePoints="0" visitedSequencePoints="0" numBranchPoints="0" visitedBranchPoints="0" sequenceCoverage="0" branchCoverage="0" maxCyclomaticComplexity="1" minCyclomaticComplexity="1" maxCrapScore="2" minCrapScore="2" visitedClasses="0" numClasses="0" visitedMethods="0" numMethods="0" />
              <MetadataToken>100663376</MetadataToken>
              <Name>System.Void WorkBase.Tests.LogicTest.TestCareerService/&lt;&gt;c__DisplayClass11_0::.ctor()</Name>
              <SequencePoints />
              <BranchPoints />
              <MethodPoint vc="0" uspid="70" ordinal="0" offset="0" />
            </Method>
            <Method visited="false" cyclomaticComplexity="1" nPathComplexity="0" sequenceCoverage="0" branchCoverage="0" crapScore="2" isConstructor="false" isStatic="false" isGetter="false" isSetter="false">
              <Summary numSequencePoints="1" visitedSequencePoints="0" numBranchPoints="1" visitedBranchPoints="0" sequenceCoverage="0" branchCoverage="0" maxCyclomaticComplexity="1" minCyclomaticComplexity="1" maxCrapScore="2" minCrapScore="2" visitedClasses="0" numClasses="0" visitedMethods="0" numMethods="1" />
              <MetadataToken>100663377</MetadataToken>
              <Name>System.Void WorkBase.Tests.LogicTest.TestCareerService/&lt;&gt;c__DisplayClass11_0::&lt;EditCareer_NullElement_ShouldThrowException&gt;b__1()</Name>
              <FileRef uid="1" />
              <SequencePoints>
                <SequencePoint vc="0" uspid="71" ordinal="0" offset="0" sl="102" sc="56" el="102" ec="85" bec="0" bev="0" fileid="1" />
              </SequencePoints>
              <BranchPoints />
              <MethodPoint xsi:type="SequencePoint" vc="0" uspid="71" ordinal="0" offset="0" sl="102" sc="56" el="102" ec="85" bec="0" bev="0" fileid="1" />
            </Method>
          </Methods>
        </Class>
        <Class>
          <Summary numSequencePoints="49" visitedSequencePoints="0" numBranchPoints="12" visitedBranchPoints="0" sequenceCoverage="0" branchCoverage="0" maxCyclomaticComplexity="1" minCyclomaticComplexity="1" maxCrapScore="2" minCrapScore="2" visitedClasses="0" numClasses="1" visitedMethods="0" numMethods="12" />
          <FullName>WorkBase.Tests.LogicTest.TestExpirienceService</FullName>
          <Methods>
            <Method visited="false" cyclomaticComplexity="1" nPathComplexity="0" sequenceCoverage="0" branchCoverage="0" crapScore="2" isConstructor="false" isStatic="false" isGetter="false" isSetter="false">
              <Summary numSequencePoints="6" visitedSequencePoints="0" numBranchPoints="1" visitedBranchPoints="0" sequenceCoverage="0" branchCoverage="0" maxCyclomaticComplexity="1" minCyclomaticComplexity="1" maxCrapScore="2" minCrapScore="2" visitedClasses="0" numClasses="0" visitedMethods="0" numMethods="1" />
              <MetadataToken>100663314</MetadataToken>
              <Name>System.Void WorkBase.Tests.LogicTest.TestExpirienceService::Load()</Name>
              <FileRef uid="4" />
              <SequencePoints>
                <SequencePoint vc="0" uspid="72" ordinal="0" offset="0" sl="25" sc="9" el="25" ec="10" bec="0" bev="0" fileid="4" />
                <SequencePoint vc="0" uspid="73" ordinal="1" offset="1" sl="26" sc="13" el="26" ec="43" bec="0" bev="0" fileid="4" />
                <SequencePoint vc="0" uspid="74" ordinal="2" offset="12" sl="27" sc="13" el="27" ec="72" bec="0" bev="0" fileid="4" />
                <SequencePoint vc="0" uspid="75" ordinal="3" offset="23" sl="29" sc="13" el="29" ec="80" bec="0" bev="0" fileid="4" />
                <SequencePoint vc="0" uspid="76" ordinal="4" offset="108" sl="31" sc="13" el="31" ec="60" bec="0" bev="0" fileid="4" />
                <SequencePoint vc="0" uspid="77" ordinal="5" offset="130" sl="32" sc="9" el="32" ec="10" bec="0" bev="0" fileid="4" />
              </SequencePoints>
              <BranchPoints />
              <MethodPoint xsi:type="SequencePoint" vc="0" uspid="72" ordinal="0" offset="0" sl="25" sc="9" el="25" ec="10" bec="0" bev="0" fileid="4" />
            </Method>
            <Method visited="false" cyclomaticComplexity="1" nPathComplexity="0" sequenceCoverage="0" branchCoverage="0" crapScore="2" isConstructor="false" isStatic="false" isGetter="false" isSetter="false">
              <Summary numSequencePoints="5" visitedSequencePoints="0" numBranchPoints="1" visitedBranchPoints="0" sequenceCoverage="0" branchCoverage="0" maxCyclomaticComplexity="1" minCyclomaticComplexity="1" maxCrapScore="2" minCrapScore="2" visitedClasses="0" numClasses="0" visitedMethods="0" numMethods="1" />
              <MetadataToken>100663315</MetadataToken>
              <Name>System.Void WorkBase.Tests.LogicTest.TestExpirienceService::CreateExperiencesExperience_TryToCreateExperiencesExperience_ShouldRepositoryCreateOnce()</Name>
              <FileRef uid="4" />
              <SequencePoints>
                <SequencePoint vc="0" uspid="78" ordinal="0" offset="0" sl="35" sc="9" el="35" ec="10" bec="0" bev="0" fileid="4" />
                <SequencePoint vc="0" uspid="79" ordinal="1" offset="1" sl="36" sc="13" el="36" ec="115" bec="0" bev="0" fileid="4" />
                <SequencePoint vc="0" uspid="80" ordinal="2" offset="31" sl="39" sc="13" el="39" ec="60" bec="0" bev="0" fileid="4" />
                <SequencePoint vc="0" uspid="81" ordinal="3" offset="44" sl="42" sc="13" el="42" ec="80" bec="0" bev="0" fileid="4" />
                <SequencePoint vc="0" uspid="82" ordinal="4" offset="153" sl="43" sc="9" el="43" ec="10" bec="0" bev="0" fileid="4" />
              </SequencePoints>
              <BranchPoints />
              <MethodPoint xsi:type="SequencePoint" vc="0" uspid="78" ordinal="0" offset="0" sl="35" sc="9" el="35" ec="10" bec="0" bev="0" fileid="4" />
            </Method>
            <Method visited="false" cyclomaticComplexity="1" nPathComplexity="0" sequenceCoverage="0" branchCoverage="0" crapScore="2" isConstructor="false" isStatic="false" isGetter="false" isSetter="false">
              <Summary numSequencePoints="5" visitedSequencePoints="0" numBranchPoints="1" visitedBranchPoints="0" sequenceCoverage="0" branchCoverage="0" maxCyclomaticComplexity="1" minCyclomaticComplexity="1" maxCrapScore="2" minCrapScore="2" visitedClasses="0" numClasses="0" visitedMethods="0" numMethods="1" />
              <MetadataToken>100663316</MetadataToken>
              <Name>System.Void WorkBase.Tests.LogicTest.TestExpirienceService::GetExperiencesExperienceById_TryToGetValue_ShouldReturnSomeValue()</Name>
              <FileRef uid="4" />
              <SequencePoints>
                <SequencePoint vc="0" uspid="83" ordinal="0" offset="0" sl="46" sc="9" el="46" ec="10" bec="0" bev="0" fileid="4" />
                <SequencePoint vc="0" uspid="84" ordinal="1" offset="1" sl="47" sc="13" el="47" ec="112" bec="0" bev="0" fileid="4" />
                <SequencePoint vc="0" uspid="85" ordinal="2" offset="31" sl="49" sc="13" el="49" ec="98" bec="0" bev="0" fileid="4" />
                <SequencePoint vc="0" uspid="86" ordinal="3" offset="166" sl="52" sc="13" el="52" ec="93" bec="0" bev="0" fileid="4" />
                <SequencePoint vc="0" uspid="87" ordinal="4" offset="188" sl="53" sc="9" el="53" ec="10" bec="0" bev="0" fileid="4" />
              </SequencePoints>
              <BranchPoints />
              <MethodPoint xsi:type="SequencePoint" vc="0" uspid="83" ordinal="0" offset="0" sl="46" sc="9" el="46" ec="10" bec="0" bev="0" fileid="4" />
            </Method>
            <Method visited="false" cyclomaticComplexity="1" nPathComplexity="0" sequenceCoverage="0" branchCoverage="0" crapScore="2" isConstructor="false" isStatic="false" isGetter="false" isSetter="false">
              <Summary numSequencePoints="5" visitedSequencePoints="0" numBranchPoints="1" visitedBranchPoints="0" sequenceCoverage="0" branchCoverage="0" maxCyclomaticComplexity="1" minCyclomaticComplexity="1" maxCrapScore="2" minCrapScore="2" visitedClasses="0" numClasses="0" visitedMethods="0" numMethods="1" />
              <MetadataToken>100663317</MetadataToken>
              <Name>System.Void WorkBase.Tests.LogicTest.TestExpirienceService::GetAllExperiences_TryToGetSomeList_ShouldRepositoryCallOnce_ShouldReturnNotNullList()</Name>
              <FileRef uid="4" />
              <SequencePoints>
                <SequencePoint vc="0" uspid="88" ordinal="0" offset="0" sl="56" sc="9" el="56" ec="10" bec="0" bev="0" fileid="4" />
                <SequencePoint vc="0" uspid="89" ordinal="1" offset="1" sl="57" sc="13" el="57" ec="93" bec="0" bev="0" fileid="4" />
                <SequencePoint vc="0" uspid="90" ordinal="2" offset="90" sl="60" sc="13" el="60" ec="78" bec="0" bev="0" fileid="4" />
                <SequencePoint vc="0" uspid="91" ordinal="3" offset="107" sl="61" sc="13" el="61" ec="51" bec="0" bev="0" fileid="4" />
                <SequencePoint vc="0" uspid="92" ordinal="4" offset="186" sl="62" sc="9" el="62" ec="10" bec="0" bev="0" fileid="4" />
              </SequencePoints>
              <BranchPoints />
              <MethodPoint xsi:type="SequencePoint" vc="0" uspid="88" ordinal="0" offset="0" sl="56" sc="9" el="56" ec="10" bec="0" bev="0" fileid="4" />
            </Method>
            <Method visited="false" cyclomaticComplexity="1" nPathComplexity="0" sequenceCoverage="0" branchCoverage="0" crapScore="2" isConstructor="false" isStatic="false" isGetter="false" isSetter="false">
              <Summary numSequencePoints="4" visitedSequencePoints="0" numBranchPoints="1" visitedBranchPoints="0" sequenceCoverage="0" branchCoverage="0" maxCyclomaticComplexity="1" minCyclomaticComplexity="1" maxCrapScore="2" minCrapScore="2" visitedClasses="0" numClasses="0" visitedMethods="0" numMethods="1" />
              <MetadataToken>100663318</MetadataToken>
              <Name>System.Void WorkBase.Tests.LogicTest.TestExpirienceService::GetExpirienceById_GetNullValue_ShouldThrowException()</Name>
              <FileRef uid="4" />
              <SequencePoints>
                <SequencePoint vc="0" uspid="93" ordinal="0" offset="0" sl="65" sc="9" el="65" ec="10" bec="0" bev="0" fileid="4" />
                <SequencePoint vc="0" uspid="94" ordinal="1" offset="1" sl="67" sc="13" el="67" ec="84" bec="0" bev="0" fileid="4" />
                <SequencePoint vc="0" uspid="95" ordinal="2" offset="116" sl="70" sc="13" el="70" ec="93" bec="0" bev="0" fileid="4" />
                <SequencePoint vc="0" uspid="96" ordinal="3" offset="138" sl="71" sc="9" el="71" ec="10" bec="0" bev="0" fileid="4" />
              </SequencePoints>
              <BranchPoints />
              <MethodPoint xsi:type="SequencePoint" vc="0" uspid="93" ordinal="0" offset="0" sl="65" sc="9" el="65" ec="10" bec="0" bev="0" fileid="4" />
            </Method>
            <Method visited="false" cyclomaticComplexity="1" nPathComplexity="0" sequenceCoverage="0" branchCoverage="0" crapScore="2" isConstructor="false" isStatic="false" isGetter="false" isSetter="false">
              <Summary numSequencePoints="3" visitedSequencePoints="0" numBranchPoints="1" visitedBranchPoints="0" sequenceCoverage="0" branchCoverage="0" maxCyclomaticComplexity="1" minCyclomaticComplexity="1" maxCrapScore="2" minCrapScore="2" visitedClasses="0" numClasses="0" visitedMethods="0" numMethods="1" />
              <MetadataToken>100663319</MetadataToken>
              <Name>System.Void WorkBase.Tests.LogicTest.TestExpirienceService::EditExperience_PutInEditNullElement_ShouldThrowException()</Name>
              <FileRef uid="4" />
              <SequencePoints>
                <SequencePoint vc="0" uspid="97" ordinal="0" offset="0" sl="76" sc="9" el="76" ec="10" bec="0" bev="0" fileid="4" />
                <SequencePoint vc="0" uspid="98" ordinal="1" offset="1" sl="78" sc="13" el="78" ec="105" bec="0" bev="0" fileid="4" />
                <SequencePoint vc="0" uspid="99" ordinal="2" offset="19" sl="79" sc="9" el="79" ec="10" bec="0" bev="0" fileid="4" />
              </SequencePoints>
              <BranchPoints />
              <MethodPoint xsi:type="SequencePoint" vc="0" uspid="97" ordinal="0" offset="0" sl="76" sc="9" el="76" ec="10" bec="0" bev="0" fileid="4" />
            </Method>
            <Method visited="false" cyclomaticComplexity="1" nPathComplexity="0" sequenceCoverage="0" branchCoverage="0" crapScore="2" isConstructor="false" isStatic="false" isGetter="false" isSetter="false">
              <Summary numSequencePoints="4" visitedSequencePoints="0" numBranchPoints="1" visitedBranchPoints="0" sequenceCoverage="0" branchCoverage="0" maxCyclomaticComplexity="1" minCyclomaticComplexity="1" maxCrapScore="2" minCrapScore="2" visitedClasses="0" numClasses="0" visitedMethods="0" numMethods="1" />
              <MetadataToken>100663320</MetadataToken>
              <Name>System.Void WorkBase.Tests.LogicTest.TestExpirienceService::EditExperience_NullElement_ShouldThrowException()</Name>
              <FileRef uid="4" />
              <SequencePoints>
                <SequencePoint vc="0" uspid="100" ordinal="0" offset="13" sl="82" sc="9" el="82" ec="10" bec="0" bev="0" fileid="4" />
                <SequencePoint vc="0" uspid="101" ordinal="1" offset="14" sl="84" sc="13" el="84" ec="80" bec="0" bev="0" fileid="4" />
                <SequencePoint vc="0" uspid="102" ordinal="2" offset="37" sl="87" sc="13" el="87" ec="111" bec="0" bev="0" fileid="4" />
                <SequencePoint vc="0" uspid="103" ordinal="3" offset="55" sl="88" sc="9" el="88" ec="10" bec="0" bev="0" fileid="4" />
              </SequencePoints>
              <BranchPoints />
              <MethodPoint vc="0" uspid="104" ordinal="0" offset="0" />
            </Method>
            <Method visited="false" cyclomaticComplexity="1" nPathComplexity="0" sequenceCoverage="0" branchCoverage="0" crapScore="2" isConstructor="false" isStatic="false" isGetter="false" isSetter="false">
              <Summary numSequencePoints="4" visitedSequencePoints="0" numBranchPoints="1" visitedBranchPoints="0" sequenceCoverage="0" branchCoverage="0" maxCyclomaticComplexity="1" minCyclomaticComplexity="1" maxCrapScore="2" minCrapScore="2" visitedClasses="0" numClasses="0" visitedMethods="0" numMethods="1" />
              <MetadataToken>100663321</MetadataToken>
              <Name>System.Void WorkBase.Tests.LogicTest.TestExpirienceService::DeleteExperience_DeleteNullValue()</Name>
              <FileRef uid="4" />
              <SequencePoints>
                <SequencePoint vc="0" uspid="105" ordinal="0" offset="0" sl="93" sc="9" el="93" ec="10" bec="0" bev="0" fileid="4" />
                <SequencePoint vc="0" uspid="106" ordinal="1" offset="1" sl="95" sc="13" el="95" ec="84" bec="0" bev="0" fileid="4" />
                <SequencePoint vc="0" uspid="107" ordinal="2" offset="116" sl="98" sc="13" el="98" ec="118" bec="0" bev="0" fileid="4" />
                <SequencePoint vc="0" uspid="108" ordinal="3" offset="134" sl="101" sc="9" el="101" ec="10" bec="0" bev="0" fileid="4" />
              </SequencePoints>
              <BranchPoints />
              <MethodPoint xsi:type="SequencePoint" vc="0" uspid="105" ordinal="0" offset="0" sl="93" sc="9" el="93" ec="10" bec="0" bev="0" fileid="4" />
            </Method>
            <Method visited="false" cyclomaticComplexity="1" nPathComplexity="0" sequenceCoverage="0" branchCoverage="0" crapScore="2" isConstructor="false" isStatic="false" isGetter="false" isSetter="false">
              <Summary numSequencePoints="5" visitedSequencePoints="0" numBranchPoints="1" visitedBranchPoints="0" sequenceCoverage="0" branchCoverage="0" maxCyclomaticComplexity="1" minCyclomaticComplexity="1" maxCrapScore="2" minCrapScore="2" visitedClasses="0" numClasses="0" visitedMethods="0" numMethods="1" />
              <MetadataToken>100663322</MetadataToken>
              <Name>System.Void WorkBase.Tests.LogicTest.TestExpirienceService::DeleteExperience_DeleteRepositoryShouldCallsOnce()</Name>
              <FileRef uid="4" />
              <SequencePoints>
                <SequencePoint vc="0" uspid="109" ordinal="0" offset="0" sl="105" sc="9" el="105" ec="10" bec="0" bev="0" fileid="4" />
                <SequencePoint vc="0" uspid="110" ordinal="1" offset="1" sl="106" sc="13" el="106" ec="146" bec="0" bev="0" fileid="4" />
                <SequencePoint vc="0" uspid="111" ordinal="2" offset="144" sl="109" sc="13" el="109" ec="58" bec="0" bev="0" fileid="4" />
                <SequencePoint vc="0" uspid="112" ordinal="3" offset="161" sl="112" sc="13" el="112" ec="66" bec="0" bev="0" fileid="4" />
                <SequencePoint vc="0" uspid="113" ordinal="4" offset="270" sl="113" sc="9" el="113" ec="10" bec="0" bev="0" fileid="4" />
              </SequencePoints>
              <BranchPoints />
              <MethodPoint xsi:type="SequencePoint" vc="0" uspid="109" ordinal="0" offset="0" sl="105" sc="9" el="105" ec="10" bec="0" bev="0" fileid="4" />
            </Method>
            <Method visited="false" cyclomaticComplexity="1" nPathComplexity="0" sequenceCoverage="0" branchCoverage="0" crapScore="2" isConstructor="false" isStatic="false" isGetter="false" isSetter="false">
              <Summary numSequencePoints="6" visitedSequencePoints="0" numBranchPoints="1" visitedBranchPoints="0" sequenceCoverage="0" branchCoverage="0" maxCyclomaticComplexity="1" minCyclomaticComplexity="1" maxCrapScore="2" minCrapScore="2" visitedClasses="0" numClasses="0" visitedMethods="0" numMethods="1" />
              <MetadataToken>100663323</MetadataToken>
              <Name>System.Void WorkBase.Tests.LogicTest.TestExpirienceService::RemoveExperience_Delete()</Name>
              <FileRef uid="4" />
              <SequencePoints>
                <SequencePoint vc="0" uspid="114" ordinal="0" offset="0" sl="116" sc="9" el="116" ec="10" bec="0" bev="0" fileid="4" />
                <SequencePoint vc="0" uspid="115" ordinal="1" offset="1" sl="117" sc="13" el="117" ec="110" bec="0" bev="0" fileid="4" />
                <SequencePoint vc="0" uspid="116" ordinal="2" offset="31" sl="118" sc="13" el="118" ec="148" bec="0" bev="0" fileid="4" />
                <SequencePoint vc="0" uspid="117" ordinal="3" offset="174" sl="121" sc="13" el="121" ec="53" bec="0" bev="0" fileid="4" />
                <SequencePoint vc="0" uspid="118" ordinal="4" offset="187" sl="124" sc="13" el="124" ec="66" bec="0" bev="0" fileid="4" />
                <SequencePoint vc="0" uspid="119" ordinal="5" offset="296" sl="126" sc="9" el="126" ec="10" bec="0" bev="0" fileid="4" />
              </SequencePoints>
              <BranchPoints />
              <MethodPoint xsi:type="SequencePoint" vc="0" uspid="114" ordinal="0" offset="0" sl="116" sc="9" el="116" ec="10" bec="0" bev="0" fileid="4" />
            </Method>
            <Method visited="false" cyclomaticComplexity="1" nPathComplexity="0" sequenceCoverage="0" branchCoverage="0" crapScore="2" isConstructor="true" isStatic="false" isGetter="false" isSetter="false">
              <Summary numSequencePoints="0" visitedSequencePoints="0" numBranchPoints="0" visitedBranchPoints="0" sequenceCoverage="0" branchCoverage="0" maxCyclomaticComplexity="1" minCyclomaticComplexity="1" maxCrapScore="2" minCrapScore="2" visitedClasses="0" numClasses="0" visitedMethods="0" numMethods="0" />
              <MetadataToken>100663324</MetadataToken>
              <Name>System.Void WorkBase.Tests.LogicTest.TestExpirienceService::.ctor()</Name>
              <SequencePoints />
              <BranchPoints />
              <MethodPoint vc="0" uspid="120" ordinal="0" offset="0" />
            </Method>
            <Method visited="false" cyclomaticComplexity="1" nPathComplexity="0" sequenceCoverage="0" branchCoverage="0" crapScore="2" isConstructor="false" isStatic="false" isGetter="false" isSetter="false">
              <Summary numSequencePoints="1" visitedSequencePoints="0" numBranchPoints="1" visitedBranchPoints="0" sequenceCoverage="0" branchCoverage="0" maxCyclomaticComplexity="1" minCyclomaticComplexity="1" maxCrapScore="2" minCrapScore="2" visitedClasses="0" numClasses="0" visitedMethods="0" numMethods="1" />
              <MetadataToken>100663325</MetadataToken>
              <Name>System.Void WorkBase.Tests.LogicTest.TestExpirienceService::&lt;EditExperience_PutInEditNullElement_ShouldThrowException&gt;b__8_0()</Name>
              <FileRef uid="4" />
              <SequencePoints>
                <SequencePoint vc="0" uspid="121" ordinal="0" offset="0" sl="78" sc="72" el="78" ec="103" bec="0" bev="0" fileid="4" />
              </SequencePoints>
              <BranchPoints />
              <MethodPoint xsi:type="SequencePoint" vc="0" uspid="121" ordinal="0" offset="0" sl="78" sc="72" el="78" ec="103" bec="0" bev="0" fileid="4" />
            </Method>
            <Method visited="false" cyclomaticComplexity="1" nPathComplexity="0" sequenceCoverage="0" branchCoverage="0" crapScore="2" isConstructor="false" isStatic="false" isGetter="false" isSetter="false">
              <Summary numSequencePoints="1" visitedSequencePoints="0" numBranchPoints="1" visitedBranchPoints="0" sequenceCoverage="0" branchCoverage="0" maxCyclomaticComplexity="1" minCyclomaticComplexity="1" maxCrapScore="2" minCrapScore="2" visitedClasses="0" numClasses="0" visitedMethods="0" numMethods="1" />
              <MetadataToken>100663326</MetadataToken>
              <Name>System.Void WorkBase.Tests.LogicTest.TestExpirienceService::&lt;DeleteExperience_DeleteNullValue&gt;b__10_1()</Name>
              <FileRef uid="4" />
              <SequencePoints>
                <SequencePoint vc="0" uspid="122" ordinal="0" offset="0" sl="98" sc="72" el="98" ec="116" bec="0" bev="0" fileid="4" />
              </SequencePoints>
              <BranchPoints />
              <MethodPoint xsi:type="SequencePoint" vc="0" uspid="122" ordinal="0" offset="0" sl="98" sc="72" el="98" ec="116" bec="0" bev="0" fileid="4" />
            </Method>
          </Methods>
        </Class>
        <Class>
          <Summary numSequencePoints="0" visitedSequencePoints="0" numBranchPoints="0" visitedBranchPoints="0" sequenceCoverage="0" branchCoverage="0" maxCyclomaticComplexity="1" minCyclomaticComplexity="1" maxCrapScore="2" minCrapScore="2" visitedClasses="0" numClasses="0" visitedMethods="0" numMethods="0" />
          <FullName>WorkBase.Tests.LogicTest.TestExpirienceService/&lt;&gt;c</FullName>
          <Methods>
            <Method visited="false" cyclomaticComplexity="1" nPathComplexity="0" sequenceCoverage="0" branchCoverage="0" crapScore="2" isConstructor="true" isStatic="true" isGetter="false" isSetter="false">
              <Summary numSequencePoints="0" visitedSequencePoints="0" numBranchPoints="0" visitedBranchPoints="0" sequenceCoverage="0" branchCoverage="0" maxCyclomaticComplexity="1" minCyclomaticComplexity="1" maxCrapScore="2" minCrapScore="2" visitedClasses="0" numClasses="0" visitedMethods="0" numMethods="0" />
              <MetadataToken>100663378</MetadataToken>
              <Name>System.Void WorkBase.Tests.LogicTest.TestExpirienceService/&lt;&gt;c::.cctor()</Name>
              <SequencePoints />
              <BranchPoints />
              <MethodPoint vc="0" uspid="123" ordinal="0" offset="0" />
            </Method>
            <Method visited="false" cyclomaticComplexity="1" nPathComplexity="0" sequenceCoverage="0" branchCoverage="0" crapScore="2" isConstructor="true" isStatic="false" isGetter="false" isSetter="false">
              <Summary numSequencePoints="0" visitedSequencePoints="0" numBranchPoints="0" visitedBranchPoints="0" sequenceCoverage="0" branchCoverage="0" maxCyclomaticComplexity="1" minCyclomaticComplexity="1" maxCrapScore="2" minCrapScore="2" visitedClasses="0" numClasses="0" visitedMethods="0" numMethods="0" />
              <MetadataToken>100663379</MetadataToken>
              <Name>System.Void WorkBase.Tests.LogicTest.TestExpirienceService/&lt;&gt;c::.ctor()</Name>
              <SequencePoints />
              <BranchPoints />
              <MethodPoint vc="0" uspid="124" ordinal="0" offset="0" />
            </Method>
          </Methods>
        </Class>
        <Class>
          <Summary numSequencePoints="1" visitedSequencePoints="0" numBranchPoints="1" visitedBranchPoints="0" sequenceCoverage="0" branchCoverage="0" maxCyclomaticComplexity="1" minCyclomaticComplexity="1" maxCrapScore="2" minCrapScore="2" visitedClasses="0" numClasses="1" visitedMethods="0" numMethods="1" />
          <FullName>WorkBase.Tests.LogicTest.TestExpirienceService/&lt;&gt;c__DisplayClass9_0</FullName>
          <Methods>
            <Method visited="false" cyclomaticComplexity="1" nPathComplexity="0" sequenceCoverage="0" branchCoverage="0" crapScore="2" isConstructor="true" isStatic="false" isGetter="false" isSetter="false">
              <Summary numSequencePoints="0" visitedSequencePoints="0" numBranchPoints="0" visitedBranchPoints="0" sequenceCoverage="0" branchCoverage="0" maxCyclomaticComplexity="1" minCyclomaticComplexity="1" maxCrapScore="2" minCrapScore="2" visitedClasses="0" numClasses="0" visitedMethods="0" numMethods="0" />
              <MetadataToken>100663380</MetadataToken>
              <Name>System.Void WorkBase.Tests.LogicTest.TestExpirienceService/&lt;&gt;c__DisplayClass9_0::.ctor()</Name>
              <SequencePoints />
              <BranchPoints />
              <MethodPoint vc="0" uspid="125" ordinal="0" offset="0" />
            </Method>
            <Method visited="false" cyclomaticComplexity="1" nPathComplexity="0" sequenceCoverage="0" branchCoverage="0" crapScore="2" isConstructor="false" isStatic="false" isGetter="false" isSetter="false">
              <Summary numSequencePoints="1" visitedSequencePoints="0" numBranchPoints="1" visitedBranchPoints="0" sequenceCoverage="0" branchCoverage="0" maxCyclomaticComplexity="1" minCyclomaticComplexity="1" maxCrapScore="2" minCrapScore="2" visitedClasses="0" numClasses="0" visitedMethods="0" numMethods="1" />
              <MetadataToken>100663381</MetadataToken>
              <Name>System.Void WorkBase.Tests.LogicTest.TestExpirienceService/&lt;&gt;c__DisplayClass9_0::&lt;EditExperience_NullElement_ShouldThrowException&gt;b__0()</Name>
              <FileRef uid="4" />
              <SequencePoints>
                <SequencePoint vc="0" uspid="126" ordinal="0" offset="0" sl="87" sc="72" el="87" ec="109" bec="0" bev="0" fileid="4" />
              </SequencePoints>
              <BranchPoints />
              <MethodPoint xsi:type="SequencePoint" vc="0" uspid="126" ordinal="0" offset="0" sl="87" sc="72" el="87" ec="109" bec="0" bev="0" fileid="4" />
            </Method>
          </Methods>
        </Class>
        <Class>
          <Summary numSequencePoints="53" visitedSequencePoints="0" numBranchPoints="14" visitedBranchPoints="0" sequenceCoverage="0" branchCoverage="0" maxCyclomaticComplexity="1" minCyclomaticComplexity="1" maxCrapScore="2" minCrapScore="2" visitedClasses="0" numClasses="1" visitedMethods="0" numMethods="14" />
          <FullName>WorkBase.Tests.LogicTest.TestOfferService</FullName>
          <Methods>
            <Method visited="false" cyclomaticComplexity="1" nPathComplexity="0" sequenceCoverage="0" branchCoverage="0" crapScore="2" isConstructor="false" isStatic="false" isGetter="false" isSetter="false">
              <Summary numSequencePoints="6" visitedSequencePoints="0" numBranchPoints="1" visitedBranchPoints="0" sequenceCoverage="0" branchCoverage="0" maxCyclomaticComplexity="1" minCyclomaticComplexity="1" maxCrapScore="2" minCrapScore="2" visitedClasses="0" numClasses="0" visitedMethods="0" numMethods="1" />
              <MetadataToken>100663327</MetadataToken>
              <Name>System.Void WorkBase.Tests.LogicTest.TestOfferService::Load()</Name>
              <FileRef uid="6" />
              <SequencePoints>
                <SequencePoint vc="0" uspid="127" ordinal="0" offset="0" sl="24" sc="9" el="24" ec="10" bec="0" bev="0" fileid="6" />
                <SequencePoint vc="0" uspid="128" ordinal="1" offset="1" sl="25" sc="13" el="25" ec="43" bec="0" bev="0" fileid="6" />
                <SequencePoint vc="0" uspid="129" ordinal="2" offset="12" sl="26" sc="13" el="26" ec="62" bec="0" bev="0" fileid="6" />
                <SequencePoint vc="0" uspid="130" ordinal="3" offset="23" sl="28" sc="13" el="28" ec="70" bec="0" bev="0" fileid="6" />
                <SequencePoint vc="0" uspid="131" ordinal="4" offset="108" sl="30" sc="13" el="30" ec="57" bec="0" bev="0" fileid="6" />
                <SequencePoint vc="0" uspid="132" ordinal="5" offset="130" sl="31" sc="9" el="31" ec="10" bec="0" bev="0" fileid="6" />
              </SequencePoints>
              <BranchPoints />
              <MethodPoint xsi:type="SequencePoint" vc="0" uspid="127" ordinal="0" offset="0" sl="24" sc="9" el="24" ec="10" bec="0" bev="0" fileid="6" />
            </Method>
            <Method visited="false" cyclomaticComplexity="1" nPathComplexity="0" sequenceCoverage="0" branchCoverage="0" crapScore="2" isConstructor="false" isStatic="false" isGetter="false" isSetter="false">
              <Summary numSequencePoints="5" visitedSequencePoints="0" numBranchPoints="1" visitedBranchPoints="0" sequenceCoverage="0" branchCoverage="0" maxCyclomaticComplexity="1" minCyclomaticComplexity="1" maxCrapScore="2" minCrapScore="2" visitedClasses="0" numClasses="0" visitedMethods="0" numMethods="1" />
              <MetadataToken>100663328</MetadataToken>
              <Name>System.Void WorkBase.Tests.LogicTest.TestOfferService::CreateOffer_TryToCreateOffer_ShouldRepositoryCreateOnce()</Name>
              <FileRef uid="6" />
              <SequencePoints>
                <SequencePoint vc="0" uspid="133" ordinal="0" offset="0" sl="34" sc="9" el="34" ec="10" bec="0" bev="0" fileid="6" />
                <SequencePoint vc="0" uspid="134" ordinal="1" offset="1" sl="35" sc="13" el="35" ec="63" bec="0" bev="0" fileid="6" />
                <SequencePoint vc="0" uspid="135" ordinal="2" offset="19" sl="38" sc="13" el="38" ec="45" bec="0" bev="0" fileid="6" />
                <SequencePoint vc="0" uspid="136" ordinal="3" offset="32" sl="41" sc="13" el="41" ec="70" bec="0" bev="0" fileid="6" />
                <SequencePoint vc="0" uspid="137" ordinal="4" offset="141" sl="42" sc="9" el="42" ec="10" bec="0" bev="0" fileid="6" />
              </SequencePoints>
              <BranchPoints />
              <MethodPoint xsi:type="SequencePoint" vc="0" uspid="133" ordinal="0" offset="0" sl="34" sc="9" el="34" ec="10" bec="0" bev="0" fileid="6" />
            </Method>
            <Method visited="false" cyclomaticComplexity="1" nPathComplexity="0" sequenceCoverage="0" branchCoverage="0" crapScore="2" isConstructor="false" isStatic="false" isGetter="false" isSetter="false">
              <Summary numSequencePoints="3" visitedSequencePoints="0" numBranchPoints="1" visitedBranchPoints="0" sequenceCoverage="0" branchCoverage="0" maxCyclomaticComplexity="1" minCyclomaticComplexity="1" maxCrapScore="2" minCrapScore="2" visitedClasses="0" numClasses="0" visitedMethods="0" numMethods="1" />
              <MetadataToken>100663329</MetadataToken>
              <Name>System.Void WorkBase.Tests.LogicTest.TestOfferService::CreateOffer_TryToCreateNullValue_ShouldThrowException()</Name>
              <FileRef uid="6" />
              <SequencePoints>
                <SequencePoint vc="0" uspid="138" ordinal="0" offset="0" sl="45" sc="9" el="45" ec="10" bec="0" bev="0" fileid="6" />
                <SequencePoint vc="0" uspid="139" ordinal="1" offset="1" sl="47" sc="13" el="47" ec="104" bec="0" bev="0" fileid="6" />
                <SequencePoint vc="0" uspid="140" ordinal="2" offset="19" sl="48" sc="9" el="48" ec="10" bec="0" bev="0" fileid="6" />
              </SequencePoints>
              <BranchPoints />
              <MethodPoint xsi:type="SequencePoint" vc="0" uspid="138" ordinal="0" offset="0" sl="45" sc="9" el="45" ec="10" bec="0" bev="0" fileid="6" />
            </Method>
            <Method visited="false" cyclomaticComplexity="1" nPathComplexity="0" sequenceCoverage="0" branchCoverage="0" crapScore="2" isConstructor="false" isStatic="false" isGetter="false" isSetter="false">
              <Summary numSequencePoints="5" visitedSequencePoints="0" numBranchPoints="1" visitedBranchPoints="0" sequenceCoverage="0" branchCoverage="0" maxCyclomaticComplexity="1" minCyclomaticComplexity="1" maxCrapScore="2" minCrapScore="2" visitedClasses="0" numClasses="0" visitedMethods="0" numMethods="1" />
              <MetadataToken>100663330</MetadataToken>
              <Name>System.Void WorkBase.Tests.LogicTest.TestOfferService::GetOfferById_TryToGetValue_ShouldReturnSomeValue()</Name>
              <FileRef uid="6" />
              <SequencePoints>
                <SequencePoint vc="0" uspid="141" ordinal="0" offset="0" sl="51" sc="9" el="51" ec="10" bec="0" bev="0" fileid="6" />
                <SequencePoint vc="0" uspid="142" ordinal="1" offset="1" sl="52" sc="13" el="52" ec="60" bec="0" bev="0" fileid="6" />
                <SequencePoint vc="0" uspid="143" ordinal="2" offset="19" sl="54" sc="13" el="54" ec="74" bec="0" bev="0" fileid="6" />
                <SequencePoint vc="0" uspid="144" ordinal="3" offset="154" sl="57" sc="13" el="57" ec="90" bec="0" bev="0" fileid="6" />
                <SequencePoint vc="0" uspid="145" ordinal="4" offset="176" sl="58" sc="9" el="58" ec="10" bec="0" bev="0" fileid="6" />
              </SequencePoints>
              <BranchPoints />
              <MethodPoint xsi:type="SequencePoint" vc="0" uspid="141" ordinal="0" offset="0" sl="51" sc="9" el="51" ec="10" bec="0" bev="0" fileid="6" />
            </Method>
            <Method visited="false" cyclomaticComplexity="1" nPathComplexity="0" sequenceCoverage="0" branchCoverage="0" crapScore="2" isConstructor="false" isStatic="false" isGetter="false" isSetter="false">
              <Summary numSequencePoints="4" visitedSequencePoints="0" numBranchPoints="1" visitedBranchPoints="0" sequenceCoverage="0" branchCoverage="0" maxCyclomaticComplexity="1" minCyclomaticComplexity="1" maxCrapScore="2" minCrapScore="2" visitedClasses="0" numClasses="0" visitedMethods="0" numMethods="1" />
              <MetadataToken>100663331</MetadataToken>
              <Name>System.Void WorkBase.Tests.LogicTest.TestOfferService::GetOfferById_GetNullValue_ShouldThrowException()</Name>
              <FileRef uid="6" />
              <SequencePoints>
                <SequencePoint vc="0" uspid="146" ordinal="0" offset="0" sl="61" sc="9" el="61" ec="10" bec="0" bev="0" fileid="6" />
                <SequencePoint vc="0" uspid="147" ordinal="1" offset="1" sl="63" sc="13" el="63" ec="85" bec="0" bev="0" fileid="6" />
                <SequencePoint vc="0" uspid="148" ordinal="2" offset="116" sl="66" sc="13" el="66" ec="90" bec="0" bev="0" fileid="6" />
                <SequencePoint vc="0" uspid="149" ordinal="3" offset="138" sl="67" sc="9" el="67" ec="10" bec="0" bev="0" fileid="6" />
              </SequencePoints>
              <BranchPoints />
              <MethodPoint xsi:type="SequencePoint" vc="0" uspid="146" ordinal="0" offset="0" sl="61" sc="9" el="61" ec="10" bec="0" bev="0" fileid="6" />
            </Method>
            <Method visited="false" cyclomaticComplexity="1" nPathComplexity="0" sequenceCoverage="0" branchCoverage="0" crapScore="2" isConstructor="false" isStatic="false" isGetter="false" isSetter="false">
              <Summary numSequencePoints="5" visitedSequencePoints="0" numBranchPoints="1" visitedBranchPoints="0" sequenceCoverage="0" branchCoverage="0" maxCyclomaticComplexity="1" minCyclomaticComplexity="1" maxCrapScore="2" minCrapScore="2" visitedClasses="0" numClasses="0" visitedMethods="0" numMethods="1" />
              <MetadataToken>100663332</MetadataToken>
              <Name>System.Void WorkBase.Tests.LogicTest.TestOfferService::GetAllOffers_TryToGetSomeList_ShouldRepositoryCallOnce_ShouldReturnNotNullList()</Name>
              <FileRef uid="6" />
              <SequencePoints>
                <SequencePoint vc="0" uspid="150" ordinal="0" offset="0" sl="71" sc="9" el="71" ec="10" bec="0" bev="0" fileid="6" />
                <SequencePoint vc="0" uspid="151" ordinal="1" offset="1" sl="72" sc="13" el="72" ec="83" bec="0" bev="0" fileid="6" />
                <SequencePoint vc="0" uspid="152" ordinal="2" offset="90" sl="75" sc="13" el="75" ec="75" bec="0" bev="0" fileid="6" />
                <SequencePoint vc="0" uspid="153" ordinal="3" offset="107" sl="76" sc="13" el="76" ec="53" bec="0" bev="0" fileid="6" />
                <SequencePoint vc="0" uspid="154" ordinal="4" offset="186" sl="77" sc="9" el="77" ec="10" bec="0" bev="0" fileid="6" />
              </SequencePoints>
              <BranchPoints />
              <MethodPoint xsi:type="SequencePoint" vc="0" uspid="150" ordinal="0" offset="0" sl="71" sc="9" el="71" ec="10" bec="0" bev="0" fileid="6" />
            </Method>
            <Method visited="false" cyclomaticComplexity="1" nPathComplexity="0" sequenceCoverage="0" branchCoverage="0" crapScore="2" isConstructor="false" isStatic="false" isGetter="false" isSetter="false">
              <Summary numSequencePoints="3" visitedSequencePoints="0" numBranchPoints="1" visitedBranchPoints="0" sequenceCoverage="0" branchCoverage="0" maxCyclomaticComplexity="1" minCyclomaticComplexity="1" maxCrapScore="2" minCrapScore="2" visitedClasses="0" numClasses="0" visitedMethods="0" numMethods="1" />
              <MetadataToken>100663333</MetadataToken>
              <Name>System.Void WorkBase.Tests.LogicTest.TestOfferService::EditOffer_PutInEditNullElement_ShouldThrowException()</Name>
              <FileRef uid="6" />
              <SequencePoints>
                <SequencePoint vc="0" uspid="155" ordinal="0" offset="0" sl="81" sc="9" el="81" ec="10" bec="0" bev="0" fileid="6" />
                <SequencePoint vc="0" uspid="156" ordinal="1" offset="1" sl="83" sc="13" el="83" ec="102" bec="0" bev="0" fileid="6" />
                <SequencePoint vc="0" uspid="157" ordinal="2" offset="19" sl="84" sc="9" el="84" ec="10" bec="0" bev="0" fileid="6" />
              </SequencePoints>
              <BranchPoints />
              <MethodPoint xsi:type="SequencePoint" vc="0" uspid="155" ordinal="0" offset="0" sl="81" sc="9" el="81" ec="10" bec="0" bev="0" fileid="6" />
            </Method>
            <Method visited="false" cyclomaticComplexity="1" nPathComplexity="0" sequenceCoverage="0" branchCoverage="0" crapScore="2" isConstructor="false" isStatic="false" isGetter="false" isSetter="false">
              <Summary numSequencePoints="4" visitedSequencePoints="0" numBranchPoints="1" visitedBranchPoints="0" sequenceCoverage="0" branchCoverage="0" maxCyclomaticComplexity="1" minCyclomaticComplexity="1" maxCrapScore="2" minCrapScore="2" visitedClasses="0" numClasses="0" visitedMethods="0" numMethods="1" />
              <MetadataToken>100663334</MetadataToken>
              <Name>System.Void WorkBase.Tests.LogicTest.TestOfferService::EditOffer_NullElement_ShouldThrowException()</Name>
              <FileRef uid="6" />
              <SequencePoints>
                <SequencePoint vc="0" uspid="158" ordinal="0" offset="13" sl="87" sc="9" el="87" ec="10" bec="0" bev="0" fileid="6" />
                <SequencePoint vc="0" uspid="159" ordinal="1" offset="14" sl="89" sc="13" el="89" ec="146" bec="0" bev="0" fileid="6" />
                <SequencePoint vc="0" uspid="160" ordinal="2" offset="73" sl="92" sc="13" el="92" ec="103" bec="0" bev="0" fileid="6" />
                <SequencePoint vc="0" uspid="161" ordinal="3" offset="91" sl="93" sc="9" el="93" ec="10" bec="0" bev="0" fileid="6" />
              </SequencePoints>
              <BranchPoints />
              <MethodPoint vc="0" uspid="162" ordinal="0" offset="0" />
            </Method>
            <Method visited="false" cyclomaticComplexity="1" nPathComplexity="0" sequenceCoverage="0" branchCoverage="0" crapScore="2" isConstructor="false" isStatic="false" isGetter="false" isSetter="false">
              <Summary numSequencePoints="4" visitedSequencePoints="0" numBranchPoints="1" visitedBranchPoints="0" sequenceCoverage="0" branchCoverage="0" maxCyclomaticComplexity="1" minCyclomaticComplexity="1" maxCrapScore="2" minCrapScore="2" visitedClasses="0" numClasses="0" visitedMethods="0" numMethods="1" />
              <MetadataToken>100663335</MetadataToken>
              <Name>System.Void WorkBase.Tests.LogicTest.TestOfferService::DeleteOffer_DeleteNullValue()</Name>
              <FileRef uid="6" />
              <SequencePoints>
                <SequencePoint vc="0" uspid="163" ordinal="0" offset="0" sl="98" sc="9" el="98" ec="10" bec="0" bev="0" fileid="6" />
                <SequencePoint vc="0" uspid="164" ordinal="1" offset="1" sl="100" sc="13" el="100" ec="85" bec="0" bev="0" fileid="6" />
                <SequencePoint vc="0" uspid="165" ordinal="2" offset="116" sl="103" sc="13" el="103" ec="115" bec="0" bev="0" fileid="6" />
                <SequencePoint vc="0" uspid="166" ordinal="3" offset="134" sl="106" sc="9" el="106" ec="10" bec="0" bev="0" fileid="6" />
              </SequencePoints>
              <BranchPoints />
              <MethodPoint xsi:type="SequencePoint" vc="0" uspid="163" ordinal="0" offset="0" sl="98" sc="9" el="98" ec="10" bec="0" bev="0" fileid="6" />
            </Method>
            <Method visited="false" cyclomaticComplexity="1" nPathComplexity="0" sequenceCoverage="0" branchCoverage="0" crapScore="2" isConstructor="false" isStatic="false" isGetter="false" isSetter="false">
              <Summary numSequencePoints="5" visitedSequencePoints="0" numBranchPoints="1" visitedBranchPoints="0" sequenceCoverage="0" branchCoverage="0" maxCyclomaticComplexity="1" minCyclomaticComplexity="1" maxCrapScore="2" minCrapScore="2" visitedClasses="0" numClasses="0" visitedMethods="0" numMethods="1" />
              <MetadataToken>100663336</MetadataToken>
              <Name>System.Void WorkBase.Tests.LogicTest.TestOfferService::DeleteOffer_DeleteRepository_ShouldCallsOnce()</Name>
              <FileRef uid="6" />
              <SequencePoints>
                <SequencePoint vc="0" uspid="167" ordinal="0" offset="0" sl="109" sc="9" el="109" ec="10" bec="0" bev="0" fileid="6" />
                <SequencePoint vc="0" uspid="168" ordinal="1" offset="1" sl="110" sc="13" el="110" ec="136" bec="0" bev="0" fileid="6" />
                <SequencePoint vc="0" uspid="169" ordinal="2" offset="144" sl="113" sc="13" el="113" ec="55" bec="0" bev="0" fileid="6" />
                <SequencePoint vc="0" uspid="170" ordinal="3" offset="161" sl="116" sc="13" el="116" ec="68" bec="0" bev="0" fileid="6" />
                <SequencePoint vc="0" uspid="171" ordinal="4" offset="270" sl="117" sc="9" el="117" ec="10" bec="0" bev="0" fileid="6" />
              </SequencePoints>
              <BranchPoints />
              <MethodPoint xsi:type="SequencePoint" vc="0" uspid="167" ordinal="0" offset="0" sl="109" sc="9" el="109" ec="10" bec="0" bev="0" fileid="6" />
            </Method>
            <Method visited="false" cyclomaticComplexity="1" nPathComplexity="0" sequenceCoverage="0" branchCoverage="0" crapScore="2" isConstructor="false" isStatic="false" isGetter="false" isSetter="false">
              <Summary numSequencePoints="6" visitedSequencePoints="0" numBranchPoints="1" visitedBranchPoints="0" sequenceCoverage="0" branchCoverage="0" maxCyclomaticComplexity="1" minCyclomaticComplexity="1" maxCrapScore="2" minCrapScore="2" visitedClasses="0" numClasses="0" visitedMethods="0" numMethods="1" />
              <MetadataToken>100663337</MetadataToken>
              <Name>System.Void WorkBase.Tests.LogicTest.TestOfferService::RemoveOffer_Delete()</Name>
              <FileRef uid="6" />
              <SequencePoints>
                <SequencePoint vc="0" uspid="172" ordinal="0" offset="0" sl="120" sc="9" el="120" ec="10" bec="0" bev="0" fileid="6" />
                <SequencePoint vc="0" uspid="173" ordinal="1" offset="1" sl="121" sc="13" el="121" ec="90" bec="0" bev="0" fileid="6" />
                <SequencePoint vc="0" uspid="174" ordinal="2" offset="31" sl="122" sc="13" el="122" ec="135" bec="0" bev="0" fileid="6" />
                <SequencePoint vc="0" uspid="175" ordinal="3" offset="174" sl="125" sc="13" el="125" ec="45" bec="0" bev="0" fileid="6" />
                <SequencePoint vc="0" uspid="176" ordinal="4" offset="187" sl="128" sc="13" el="128" ec="68" bec="0" bev="0" fileid="6" />
                <SequencePoint vc="0" uspid="177" ordinal="5" offset="296" sl="130" sc="9" el="130" ec="10" bec="0" bev="0" fileid="6" />
              </SequencePoints>
              <BranchPoints />
              <MethodPoint xsi:type="SequencePoint" vc="0" uspid="172" ordinal="0" offset="0" sl="120" sc="9" el="120" ec="10" bec="0" bev="0" fileid="6" />
            </Method>
            <Method visited="false" cyclomaticComplexity="1" nPathComplexity="0" sequenceCoverage="0" branchCoverage="0" crapScore="2" isConstructor="true" isStatic="false" isGetter="false" isSetter="false">
              <Summary numSequencePoints="0" visitedSequencePoints="0" numBranchPoints="0" visitedBranchPoints="0" sequenceCoverage="0" branchCoverage="0" maxCyclomaticComplexity="1" minCyclomaticComplexity="1" maxCrapScore="2" minCrapScore="2" visitedClasses="0" numClasses="0" visitedMethods="0" numMethods="0" />
              <MetadataToken>100663338</MetadataToken>
              <Name>System.Void WorkBase.Tests.LogicTest.TestOfferService::.ctor()</Name>
              <SequencePoints />
              <BranchPoints />
              <MethodPoint vc="0" uspid="178" ordinal="0" offset="0" />
            </Method>
            <Method visited="false" cyclomaticComplexity="1" nPathComplexity="0" sequenceCoverage="0" branchCoverage="0" crapScore="2" isConstructor="false" isStatic="false" isGetter="false" isSetter="false">
              <Summary numSequencePoints="1" visitedSequencePoints="0" numBranchPoints="1" visitedBranchPoints="0" sequenceCoverage="0" branchCoverage="0" maxCyclomaticComplexity="1" minCyclomaticComplexity="1" maxCrapScore="2" minCrapScore="2" visitedClasses="0" numClasses="0" visitedMethods="0" numMethods="1" />
              <MetadataToken>100663339</MetadataToken>
              <Name>System.Void WorkBase.Tests.LogicTest.TestOfferService::&lt;CreateOffer_TryToCreateNullValue_ShouldThrowException&gt;b__5_0()</Name>
              <FileRef uid="6" />
              <SequencePoints>
                <SequencePoint vc="0" uspid="179" ordinal="0" offset="0" sl="47" sc="72" el="47" ec="102" bec="0" bev="0" fileid="6" />
              </SequencePoints>
              <BranchPoints />
              <MethodPoint xsi:type="SequencePoint" vc="0" uspid="179" ordinal="0" offset="0" sl="47" sc="72" el="47" ec="102" bec="0" bev="0" fileid="6" />
            </Method>
            <Method visited="false" cyclomaticComplexity="1" nPathComplexity="0" sequenceCoverage="0" branchCoverage="0" crapScore="2" isConstructor="false" isStatic="false" isGetter="false" isSetter="false">
              <Summary numSequencePoints="1" visitedSequencePoints="0" numBranchPoints="1" visitedBranchPoints="0" sequenceCoverage="0" branchCoverage="0" maxCyclomaticComplexity="1" minCyclomaticComplexity="1" maxCrapScore="2" minCrapScore="2" visitedClasses="0" numClasses="0" visitedMethods="0" numMethods="1" />
              <MetadataToken>100663340</MetadataToken>
              <Name>System.Void WorkBase.Tests.LogicTest.TestOfferService::&lt;EditOffer_PutInEditNullElement_ShouldThrowException&gt;b__9_0()</Name>
              <FileRef uid="6" />
              <SequencePoints>
                <SequencePoint vc="0" uspid="180" ordinal="0" offset="0" sl="83" sc="72" el="83" ec="100" bec="0" bev="0" fileid="6" />
              </SequencePoints>
              <BranchPoints />
[...]
              <Name>System.Void WorkBase.Tests.LogicTest.TestRubricService/&lt;&gt;c::.cctor()</Name>
              <SequencePoints />
              <BranchPoints />
              <MethodPoint vc="0" uspid="310" ordinal="0" offset="0" />
            </Method>
            <Method visited="false" cyclomaticComplexity="1" nPathComplexity="0" sequenceCoverage="0" branchCoverage="0" crapScore="2" isConstructor="true" isStatic="false" isGetter="false" isSetter="false">
              <Summary numSequencePoints="0" visitedSequencePoints="0" numBranchPoints="0" visitedBranchPoints="0" sequenceCoverage="0" branchCoverage="0" maxCyclomaticComplexity="1" minCyclomaticComplexity="1" maxCrapScore="2" minCrapScore="2" visitedClasses="0" numClasses="0" visitedMethods="0" numMethods="0" />
              <MetadataToken>100663391</MetadataToken>
              <Name>System.Void WorkBase.Tests.LogicTest.TestRubricService/&lt;&gt;c::.ctor()</Name>
              <SequencePoints />
              <BranchPoints />
              <MethodPoint vc="0" uspid="311" ordinal="0" offset="0" />
            </Method>
          </Methods>
        </Class>
        <Class>
          <Summary numSequencePoints="1" visitedSequencePoints="0" numBranchPoints="1" visitedBranchPoints="0" sequenceCoverage="0" branchCoverage="0" maxCyclomaticComplexity="1" minCyclomaticComplexity="1" maxCrapScore="2" minCrapScore="2" visitedClasses="0" numClasses="1" visitedMethods="0" numMethods="1" />
          <FullName>WorkBase.Tests.LogicTest.TestRubricService/&lt;&gt;c__DisplayClass11_0</FullName>
          <Methods>
            <Method visited="false" cyclomaticComplexity="1" nPathComplexity="0" sequenceCoverage="0" branchCoverage="0" crapScore="2" isConstructor="true" isStatic="false" isGetter="false" isSetter="false">
              <Summary numSequencePoints="0" visitedSequencePoints="0" numBranchPoints="0" visitedBranchPoints="0" sequenceCoverage="0" branchCoverage="0" maxCyclomaticComplexity="1" minCyclomaticComplexity="1" maxCrapScore="2" minCrapScore="2" visitedClasses="0" numClasses="0" visitedMethods="0" numMethods="0" />
              <MetadataToken>100663392</MetadataToken>
              <Name>System.Void WorkBase.Tests.LogicTest.TestRubricService/&lt;&gt;c__DisplayClass11_0::.ctor()</Name>
              <SequencePoints />
              <BranchPoints />
              <MethodPoint vc="0" uspid="312" ordinal="0" offset="0" />
            </Method>
            <Method visited="false" cyclomaticComplexity="1" nPathComplexity="0" sequenceCoverage="0" branchCoverage="0" crapScore="2" isConstructor="false" isStatic="false" isGetter="false" isSetter="false">
              <Summary numSequencePoints="1" visitedSequencePoints="0" numBranchPoints="1" visitedBranchPoints="0" sequenceCoverage="0" branchCoverage="0" maxCyclomaticComplexity="1" minCyclomaticComplexity="1" maxCrapScore="2" minCrapScore="2" visitedClasses="0" numClasses="0" visitedMethods="0" numMethods="1" />
              <MetadataToken>100663393</MetadataToken>
              <Name>System.Void WorkBase.Tests.LogicTest.TestRubricService/&lt;&gt;c__DisplayClass11_0::&lt;EditRubric_NullElement_ShouldThrowException&gt;b__0()</Name>
              <FileRef uid="10" />
              <SequencePoints>
                <SequencePoint vc="0" uspid="313" ordinal="0" offset="0" sl="110" sc="72" el="110" ec="104" bec="0" bev="0" fileid="10" />
              </SequencePoints>
              <BranchPoints />
              <MethodPoint xsi:type="SequencePoint" vc="0" uspid="313" ordinal="0" offset="0" sl="110" sc="72" el="110" ec="104" bec="0" bev="0" fileid="10" />
            </Method>
          </Methods>
        </Class>
        <Class>
          <Summary numSequencePoints="9" visitedSequencePoints="0" numBranchPoints="2" visitedBranchPoints="0" sequenceCoverage="0" branchCoverage="0" maxCyclomaticComplexity="1" minCyclomaticComplexity="1" maxCrapScore="2" minCrapScore="2" visitedClasses="0" numClasses="1" visitedMethods="0" numMethods="2" />
          <FullName>WorkBase.Tests.LogicTest.TestUserService</FullName>
          <Methods>
            <Method visited="false" cyclomaticComplexity="1" nPathComplexity="0" sequenceCoverage="0" branchCoverage="0" crapScore="2" isConstructor="false" isStatic="false" isGetter="false" isSetter="false">
              <Summary numSequencePoints="7" visitedSequencePoints="0" numBranchPoints="1" visitedBranchPoints="0" sequenceCoverage="0" branchCoverage="0" maxCyclomaticComplexity="1" minCyclomaticComplexity="1" maxCrapScore="2" minCrapScore="2" visitedClasses="0" numClasses="0" visitedMethods="0" numMethods="1" />
              <MetadataToken>100663370</MetadataToken>
              <Name>System.Void WorkBase.Tests.LogicTest.TestUserService::Load()</Name>
              <FileRef uid="12" />
              <SequencePoints>
                <SequencePoint vc="0" uspid="314" ordinal="0" offset="0" sl="23" sc="9" el="23" ec="10" bec="0" bev="0" fileid="12" />
                <SequencePoint vc="0" uspid="315" ordinal="1" offset="1" sl="24" sc="13" el="24" ec="43" bec="0" bev="0" fileid="12" />
                <SequencePoint vc="0" uspid="316" ordinal="2" offset="12" sl="25" sc="13" el="25" ec="52" bec="0" bev="0" fileid="12" />
                <SequencePoint vc="0" uspid="317" ordinal="3" offset="23" sl="26" sc="13" el="26" ec="51" bec="0" bev="0" fileid="12" />
                <SequencePoint vc="0" uspid="318" ordinal="4" offset="34" sl="28" sc="13" el="28" ec="61" bec="0" bev="0" fileid="12" />
                <SequencePoint vc="0" uspid="319" ordinal="5" offset="119" sl="30" sc="13" el="30" ec="68" bec="0" bev="0" fileid="12" />
                <SequencePoint vc="0" uspid="320" ordinal="6" offset="152" sl="31" sc="9" el="31" ec="10" bec="0" bev="0" fileid="12" />
              </SequencePoints>
              <BranchPoints />
              <MethodPoint xsi:type="SequencePoint" vc="0" uspid="314" ordinal="0" offset="0" sl="23" sc="9" el="23" ec="10" bec="0" bev="0" fileid="12" />
            </Method>
            <Method visited="false" cyclomaticComplexity="1" nPathComplexity="0" sequenceCoverage="0" branchCoverage="0" crapScore="2" isConstructor="false" isStatic="false" isGetter="false" isSetter="false">
              <Summary numSequencePoints="2" visitedSequencePoints="0" numBranchPoints="1" visitedBranchPoints="0" sequenceCoverage="0" branchCoverage="0" maxCyclomaticComplexity="1" minCyclomaticComplexity="1" maxCrapScore="2" minCrapScore="2" visitedClasses="0" numClasses="0" visitedMethods="0" numMethods="1" />
              <MetadataToken>100663371</MetadataToken>
              <Name>System.Void WorkBase.Tests.LogicTest.TestUserService::UserTestAdd()</Name>
              <FileRef uid="12" />
              <SequencePoints>
                <SequencePoint vc="0" uspid="321" ordinal="0" offset="0" sl="35" sc="9" el="35" ec="10" bec="0" bev="0" fileid="12" />
                <SequencePoint vc="0" uspid="322" ordinal="1" offset="1" sl="37" sc="9" el="37" ec="10" bec="0" bev="0" fileid="12" />
              </SequencePoints>
              <BranchPoints />
              <MethodPoint xsi:type="SequencePoint" vc="0" uspid="321" ordinal="0" offset="0" sl="35" sc="9" el="35" ec="10" bec="0" bev="0" fileid="12" />
            </Method>
            <Method visited="false" cyclomaticComplexity="1" nPathComplexity="0" sequenceCoverage="0" branchCoverage="0" crapScore="2" isConstructor="true" isStatic="false" isGetter="false" isSetter="false">
              <Summary numSequencePoints="0" visitedSequencePoints="0" numBranchPoints="0" visitedBranchPoints="0" sequenceCoverage="0" branchCoverage="0" maxCyclomaticComplexity="1" minCyclomaticComplexity="1" maxCrapScore="2" minCrapScore="2" visitedClasses="0" numClasses="0" visitedMethods="0" numMethods="0" />
              <MetadataToken>100663372</MetadataToken>
              <Name>System.Void WorkBase.Tests.LogicTest.TestUserService::.ctor()</Name>
              <SequencePoints />
              <BranchPoints />
              <MethodPoint vc="0" uspid="323" ordinal="0" offset="0" />
            </Method>
          </Methods>
        </Class>
        <Class>
          <Summary numSequencePoints="0" visitedSequencePoints="0" numBranchPoints="0" visitedBranchPoints="0" sequenceCoverage="0" branchCoverage="0" maxCyclomaticComplexity="1" minCyclomaticComplexity="1" maxCrapScore="2" minCrapScore="2" visitedClasses="0" numClasses="0" visitedMethods="0" numMethods="0" />
          <FullName>WorkBase.Tests.LogicTest.TestUserService/&lt;&gt;c</FullName>
          <Methods>
            <Method visited="false" cyclomaticComplexity="1" nPathComplexity="0" sequenceCoverage="0" branchCoverage="0" crapScore="2" isConstructor="true" isStatic="true" isGetter="false" isSetter="false">
              <Summary numSequencePoints="0" visitedSequencePoints="0" numBranchPoints="0" visitedBranchPoints="0" sequenceCoverage="0" branchCoverage="0" maxCyclomaticComplexity="1" minCyclomaticComplexity="1" maxCrapScore="2" minCrapScore="2" visitedClasses="0" numClasses="0" visitedMethods="0" numMethods="0" />
              <MetadataToken>100663394</MetadataToken>
              <Name>System.Void WorkBase.Tests.LogicTest.TestUserService/&lt;&gt;c::.cctor()</Name>
              <SequencePoints />
              <BranchPoints />
              <MethodPoint vc="0" uspid="324" ordinal="0" offset="0" />
            </Method>
            <Method visited="false" cyclomaticComplexity="1" nPathComplexity="0" sequenceCoverage="0" branchCoverage="0" crapScore="2" isConstructor="true" isStatic="false" isGetter="false" isSetter="false">
              <Summary numSequencePoints="0" visitedSequencePoints="0" numBranchPoints="0" visitedBranchPoints="0" sequenceCoverage="0" branchCoverage="0" maxCyclomaticComplexity="1" minCyclomaticComplexity="1" maxCrapScore="2" minCrapScore="2" visitedClasses="0" numClasses="0" visitedMethods="0" numMethods="0" />
              <MetadataToken>100663395</MetadataToken>
              <Name>System.Void WorkBase.Tests.LogicTest.TestUserService/&lt;&gt;c::.ctor()</Name>
              <SequencePoints />
              <BranchPoints />
              <MethodPoint vc="0" uspid="325" ordinal="0" offset="0" />
            </Method>
          </Methods>
        </Class>
      </Classes>
      <TrackedMethods>
        <TrackedMethod uid="1" token="100663371" name="System.Void WorkBase.Tests.LogicTest.TestUserService::UserTestAdd()" strategy="MSTestTest" />
        <TrackedMethod uid="2" token="100663299" name="System.Void WorkBase.Tests.LogicTest.TestCareerService::CreateCareer_TryToCreateCareer_ShouldRepositoryCreateOnce()" strategy="NUnitTest" />
        <TrackedMethod uid="3" token="100663300" name="System.Void WorkBase.Tests.LogicTest.TestCareerService::CreateCareer_TryToCreateNullValue_ShouldThrowException()" strategy="NUnitTest" />
        <TrackedMethod uid="4" token="100663301" name="System.Void WorkBase.Tests.LogicTest.TestCareerService::GetCareerById_GetNullValue_ShouldThrowException()" strategy="NUnitTest" />
        <TrackedMethod uid="5" token="100663302" name="System.Void WorkBase.Tests.LogicTest.TestCareerService::GetCareerById_GetValue_ShouldReturnSomeValue()" strategy="NUnitTest" />
        <TrackedMethod uid="6" token="100663303" name="System.Void WorkBase.Tests.LogicTest.TestCareerService::EditCareer_ShoudRepository_EditOnce()" strategy="NUnitTest" />
        <TrackedMethod uid="7" token="100663304" name="System.Void WorkBase.Tests.LogicTest.TestCareerService::EditCareer_PutInEditNullElement_ShouldThrowException()" strategy="NUnitTest" />
        <TrackedMethod uid="8" token="100663305" name="System.Void WorkBase.Tests.LogicTest.TestCareerService::EditCareer_NullElement_ShouldThrowException()" strategy="NUnitTest" />
        <TrackedMethod uid="9" token="100663306" name="System.Void WorkBase.Tests.LogicTest.TestCareerService::RemoveCareerById_RemoveRepositoryById_ShouldCallsOnce()" strategy="NUnitTest" />
        <TrackedMethod uid="10" token="100663307" name="System.Void WorkBase.Tests.LogicTest.TestCareerService::RemoveCareer_RemoveRepository_ShouldCallsOnce()" strategy="NUnitTest" />
        <TrackedMethod uid="11" token="100663308" name="System.Void WorkBase.Tests.LogicTest.TestCareerService::DeleteCareer_DeleteNullValue()" strategy="NUnitTest" />
        <TrackedMethod uid="12" token="100663309" name="System.Void WorkBase.Tests.LogicTest.TestCareerService::GetAllCareers_GetSomeList_ShouldRepositoryCallOnce_ShouldReturnNotNullList()" strategy="NUnitTest" />
        <TrackedMethod uid="13" token="100663315" name="System.Void WorkBase.Tests.LogicTest.TestExpirienceService::CreateExperiencesExperience_TryToCreateExperiencesExperience_ShouldRepositoryCreateOnce()" strategy="NUnitTest" />
        <TrackedMethod uid="14" token="100663316" name="System.Void WorkBase.Tests.LogicTest.TestExpirienceService::GetExperiencesExperienceById_TryToGetValue_ShouldReturnSomeValue()" strategy="NUnitTest" />
        <TrackedMethod uid="15" token="100663317" name="System.Void WorkBase.Tests.LogicTest.TestExpirienceService::GetAllExperiences_TryToGetSomeList_ShouldRepositoryCallOnce_ShouldReturnNotNullList()" strategy="NUnitTest" />
        <TrackedMethod uid="16" token="100663318" name="System.Void WorkBase.Tests.LogicTest.TestExpirienceService::GetExpirienceById_GetNullValue_ShouldThrowException()" strategy="NUnitTest" />
        <TrackedMethod uid="17" token="100663319" name="System.Void WorkBase.Tests.LogicTest.TestExpirienceService::EditExperience_PutInEditNullElement_ShouldThrowException()" strategy="NUnitTest" />
        <TrackedMethod uid="18" token="100663320" name="System.Void WorkBase.Tests.LogicTest.TestExpirienceService::EditExperience_NullElement_ShouldThrowException()" strategy="NUnitTest" />
        <TrackedMethod uid="19" token="100663321" name="System.Void WorkBase.Tests.LogicTest.TestExpirienceService::DeleteExperience_DeleteNullValue()" strategy="NUnitTest" />
        <TrackedMethod uid="20" token="100663322" name="System.Void WorkBase.Tests.LogicTest.TestExpirienceService::DeleteExperience_DeleteRepositoryShouldCallsOnce()" strategy="NUnitTest" />
        <TrackedMethod uid="21" token="100663323" name="System.Void WorkBase.Tests.LogicTest.TestExpirienceService::RemoveExperience_Delete()" strategy="NUnitTest" />
        <TrackedMethod uid="22" token="100663328" name="System.Void WorkBase.Tests.LogicTest.TestOfferService::CreateOffer_TryToCreateOffer_ShouldRepositoryCreateOnce()" strategy="NUnitTest" />
        <TrackedMethod uid="23" token="100663329" name="System.Void WorkBase.Tests.LogicTest.TestOfferService::CreateOffer_TryToCreateNullValue_ShouldThrowException()" strategy="NUnitTest" />
        <TrackedMethod uid="24" token="100663330" name="System.Void WorkBase.Tests.LogicTest.TestOfferService::GetOfferById_TryToGetValue_ShouldReturnSomeValue()" strategy="NUnitTest" />
        <TrackedMethod uid="25" token="100663331" name="System.Void WorkBase.Tests.LogicTest.TestOfferService::GetOfferById_GetNullValue_ShouldThrowException()" strategy="NUnitTest" />
        <TrackedMethod uid="26" token="100663332" name="System.Void WorkBase.Tests.LogicTest.TestOfferService::GetAllOffers_TryToGetSomeList_ShouldRepositoryCallOnce_ShouldReturnNotNullList()" strategy="NUnitTest" />
        <TrackedMethod uid="27" token="100663333" name="System.Void WorkBase.Tests.LogicTest.TestOfferService::EditOffer_PutInEditNullElement_ShouldThrowException()" strategy="NUnitTest" />
        <TrackedMethod uid="28" token="100663334" name="System.Void WorkBase.Tests.LogicTest.TestOfferService::EditOffer_NullElement_ShouldThrowException()" strategy="NUnitTest" />
        <TrackedMethod uid="29" token="100663335" name="System.Void WorkBase.Tests.LogicTest.TestOfferService::DeleteOffer_DeleteNullValue()" strategy="NUnitTest" />
        <TrackedMethod uid="30" token="100663336" name="System.Void WorkBase.Tests.LogicTest.TestOfferService::DeleteOffer_DeleteRepository_ShouldCallsOnce()" strategy="NUnitTest" />
        <TrackedMethod uid="31" token="100663337" name="System.Void WorkBase.Tests.LogicTest.TestOfferService::RemoveOffer_Delete()" strategy="NUnitTest" />
        <TrackedMethod uid="32" token="100663343" name="System.Void WorkBase.Tests.LogicTest.TestResumeService::CreateResume_TryToCreateResume_ShouldRepositoryCreateOnce()" strategy="NUnitTest" />
        <TrackedMethod uid="33" token="100663344" name="System.Void WorkBase.Tests.LogicTest.TestResumeService::AddExperience_TryToAddExperience()" strategy="NUnitTest" />
        <TrackedMethod uid="34" token="100663345" name="System.Void WorkBase.Tests.LogicTest.TestResumeService::GetResumeById_TryToGetValue_ShouldReturnSomeValue()" strategy="NUnitTest" />
        <TrackedMethod uid="35" token="100663346" name="System.Void WorkBase.Tests.LogicTest.TestResumeService::GetAllResumes_TryToGetSomeList_ShouldRepositoryCallOnce_ShouldReturnNotNullList()" strategy="NUnitTest" />
        <TrackedMethod uid="36" token="100663347" name="System.Void WorkBase.Tests.LogicTest.TestResumeService::EditResume_EditResume_ShoudRepositoryEditOnce()" strategy="NUnitTest" />
        <TrackedMethod uid="37" token="100663348" name="System.Void WorkBase.Tests.LogicTest.TestResumeService::DeleteResume_DeleteRepositoryShouldCallsOnce()" strategy="NUnitTest" />
        <TrackedMethod uid="38" token="100663349" name="System.Void WorkBase.Tests.LogicTest.TestResumeService::GetResumeById_GetNullValue_ShouldThrowException()" strategy="NUnitTest" />
        <TrackedMethod uid="39" token="100663350" name="System.Void WorkBase.Tests.LogicTest.TestResumeService::EditResume_PutInEditNullElement_ShouldThrowException()" strategy="NUnitTest" />
        <TrackedMethod uid="40" token="100663351" name="System.Void WorkBase.Tests.LogicTest.TestResumeService::EditResume_NullElement_ShouldThrowException()" strategy="NUnitTest" />
        <TrackedMethod uid="41" token="100663352" name="System.Void WorkBase.Tests.LogicTest.TestResumeService::DeleteResume_DeleteNullValue()" strategy="NUnitTest" />
        <TrackedMethod uid="42" token="100663353" name="System.Void WorkBase.Tests.LogicTest.TestResumeService::RemoveResume_DeleteNullValue()" strategy="NUnitTest" />
        <TrackedMethod uid="43" token="100663358" name="System.Void WorkBase.Tests.LogicTest.TestRubricService::CreateRubric_TryToCreateRubric_ShouldRepositoryCreateOnce()" strategy="NUnitTest" />
        <TrackedMethod uid="44" token="100663359" name="System.Void WorkBase.Tests.LogicTest.TestRubricService::GetRubricById_TryToGetValue_ShouldReturnSomeValue()" strategy="NUnitTest" />
        <TrackedMethod uid="45" token="100663360" name="System.Void WorkBase.Tests.LogicTest.TestRubricService::GetAllRubrics_TryToGetSomeList_ShouldRepositoryCallOnce_ShouldReturnNotNullList()" strategy="NUnitTest" />
        <TrackedMethod uid="46" token="100663361" name="System.Void WorkBase.Tests.LogicTest.TestRubricService::EditRubric_EditRubric_ShoudRepositoryEditOnce()" strategy="NUnitTest" />
        <TrackedMethod uid="47" token="100663362" name="System.Void WorkBase.Tests.LogicTest.TestRubricService::DeleteRubric_DeleteRepositoryShouldCallsOnce()" strategy="NUnitTest" />
        <TrackedMethod uid="48" token="100663363" name="System.Void WorkBase.Tests.LogicTest.TestRubricService::GetRubricById_GetNullValue_ShouldThrowException()" strategy="NUnitTest" />
        <TrackedMethod uid="49" token="100663364" name="System.Void WorkBase.Tests.LogicTest.TestRubricService::EditRubric_PutInEditNullElement_ShouldThrowException()" strategy="NUnitTest" />
        <TrackedMethod uid="50" token="100663365" name="System.Void WorkBase.Tests.LogicTest.TestRubricService::EditRubric_NullElement_ShouldThrowException()" strategy="NUnitTest" />
        <TrackedMethod uid="51" token="100663366" name="System.Void WorkBase.Tests.LogicTest.TestRubricService::DeleteRubric_DeleteNullValue()" strategy="NUnitTest" />
      </TrackedMethods>
    </Module>
  </Modules>
</CoverageSession>